{"total": {"lines":{"total":946,"covered":926,"skipped":0,"pct":97.88},"statements":{"total":1052,"covered":1023,"skipped":0,"pct":97.24},"functions":{"total":202,"covered":200,"skipped":0,"pct":99},"branches":{"total":876,"covered":787,"skipped":0,"pct":89.84},"branchesTrue":{"total":0,"covered":0,"skipped":0,"pct":100}}
,"/Users/ramith/code/cvx/bin/cvx.js": {"lines":{"total":175,"covered":164,"skipped":0,"pct":93.71},"functions":{"total":17,"covered":16,"skipped":0,"pct":94.11},"statements":{"total":186,"covered":175,"skipped":0,"pct":94.08},"branches":{"total":161,"covered":138,"skipped":0,"pct":85.71}}
,"/Users/ramith/code/cvx/src/mcp/server.js": {"lines":{"total":16,"covered":16,"skipped":0,"pct":100},"functions":{"total":6,"covered":6,"skipped":0,"pct":100},"statements":{"total":18,"covered":18,"skipped":0,"pct":100},"branches":{"total":5,"covered":5,"skipped":0,"pct":100}}
,"/Users/ramith/code/cvx/src/mcp/tools.js": {"lines":{"total":31,"covered":30,"skipped":0,"pct":96.77},"functions":{"total":11,"covered":10,"skipped":0,"pct":90.9},"statements":{"total":37,"covered":36,"skipped":0,"pct":97.29},"branches":{"total":20,"covered":19,"skipped":0,"pct":95}}
,"/Users/ramith/code/cvx/src/pdf/ATSDocument.jsx": {"lines":{"total":21,"covered":21,"skipped":0,"pct":100},"functions":{"total":15,"covered":15,"skipped":0,"pct":100},"statements":{"total":23,"covered":23,"skipped":0,"pct":100},"branches":{"total":66,"covered":65,"skipped":0,"pct":98.48}}
,"/Users/ramith/code/cvx/src/pdf/CVDocument.jsx": {"lines":{"total":34,"covered":34,"skipped":0,"pct":100},"functions":{"total":9,"covered":9,"skipped":0,"pct":100},"statements":{"total":37,"covered":37,"skipped":0,"pct":100},"branches":{"total":38,"covered":34,"skipped":0,"pct":89.47}}
,"/Users/ramith/code/cvx/src/pdf/ThemeContext.jsx": {"lines":{"total":4,"covered":4,"skipped":0,"pct":100},"functions":{"total":3,"covered":3,"skipped":0,"pct":100},"statements":{"total":5,"covered":5,"skipped":0,"pct":100},"branches":{"total":0,"covered":0,"skipped":0,"pct":100}}
,"/Users/ramith/code/cvx/src/pdf/fonts.js": {"lines":{"total":3,"covered":3,"skipped":0,"pct":100},"functions":{"total":2,"covered":2,"skipped":0,"pct":100},"statements":{"total":4,"covered":4,"skipped":0,"pct":100},"branches":{"total":0,"covered":0,"skipped":0,"pct":100}}
,"/Users/ramith/code/cvx/src/pdf/keywords.js": {"lines":{"total":35,"covered":35,"skipped":0,"pct":100},"functions":{"total":7,"covered":7,"skipped":0,"pct":100},"statements":{"total":43,"covered":43,"skipped":0,"pct":100},"branches":{"total":42,"covered":38,"skipped":0,"pct":90.47}}
,"/Users/ramith/code/cvx/src/pdf/layout.js": {"lines":{"total":127,"covered":127,"skipped":0,"pct":100},"functions":{"total":15,"covered":15,"skipped":0,"pct":100},"statements":{"total":135,"covered":133,"skipped":0,"pct":98.51},"branches":{"total":89,"covered":82,"skipped":0,"pct":92.13}}
,"/Users/ramith/code/cvx/src/pdf/loadContent.js": {"lines":{"total":16,"covered":16,"skipped":0,"pct":100},"functions":{"total":3,"covered":3,"skipped":0,"pct":100},"statements":{"total":19,"covered":19,"skipped":0,"pct":100},"branches":{"total":6,"covered":6,"skipped":0,"pct":100}}
,"/Users/ramith/code/cvx/src/pdf/loadLayout.js": {"lines":{"total":25,"covered":25,"skipped":0,"pct":100},"functions":{"total":4,"covered":4,"skipped":0,"pct":100},"statements":{"total":33,"covered":32,"skipped":0,"pct":96.96},"branches":{"total":34,"covered":32,"skipped":0,"pct":94.11}}
,"/Users/ramith/code/cvx/src/pdf/measure.js": {"lines":{"total":68,"covered":68,"skipped":0,"pct":100},"functions":{"total":13,"covered":13,"skipped":0,"pct":100},"statements":{"total":83,"covered":80,"skipped":0,"pct":96.38},"branches":{"total":60,"covered":53,"skipped":0,"pct":88.33}}
,"/Users/ramith/code/cvx/src/pdf/normalizeContent.js": {"lines":{"total":7,"covered":7,"skipped":0,"pct":100},"functions":{"total":1,"covered":1,"skipped":0,"pct":100},"statements":{"total":10,"covered":10,"skipped":0,"pct":100},"branches":{"total":8,"covered":8,"skipped":0,"pct":100}}
,"/Users/ramith/code/cvx/src/pdf/profilePhoto.js": {"lines":{"total":5,"covered":5,"skipped":0,"pct":100},"functions":{"total":2,"covered":2,"skipped":0,"pct":100},"statements":{"total":7,"covered":7,"skipped":0,"pct":100},"branches":{"total":3,"covered":3,"skipped":0,"pct":100}}
,"/Users/ramith/code/cvx/src/pdf/render.js": {"lines":{"total":41,"covered":39,"skipped":0,"pct":95.12},"functions":{"total":6,"covered":6,"skipped":0,"pct":100},"statements":{"total":44,"covered":41,"skipped":0,"pct":93.18},"branches":{"total":35,"covered":31,"skipped":0,"pct":88.57}}
,"/Users/ramith/code/cvx/src/pdf/reproducible.js": {"lines":{"total":41,"covered":38,"skipped":0,"pct":92.68},"functions":{"total":9,"covered":9,"skipped":0,"pct":100},"statements":{"total":43,"covered":40,"skipped":0,"pct":93.02},"branches":{"total":18,"covered":16,"skipped":0,"pct":88.88}}
,"/Users/ramith/code/cvx/src/pdf/validateContent.js": {"lines":{"total":146,"covered":143,"skipped":0,"pct":97.94},"functions":{"total":23,"covered":23,"skipped":0,"pct":100},"statements":{"total":160,"covered":156,"skipped":0,"pct":97.5},"branches":{"total":169,"covered":140,"skipped":0,"pct":82.84}}
,"/Users/ramith/code/cvx/src/pdf/components/BulletList.jsx": {"lines":{"total":6,"covered":6,"skipped":0,"pct":100},"functions":{"total":3,"covered":3,"skipped":0,"pct":100},"statements":{"total":6,"covered":6,"skipped":0,"pct":100},"branches":{"total":11,"covered":11,"skipped":0,"pct":100}}
,"/Users/ramith/code/cvx/src/pdf/components/ExpItem.jsx": {"lines":{"total":8,"covered":8,"skipped":0,"pct":100},"functions":{"total":3,"covered":3,"skipped":0,"pct":100},"statements":{"total":8,"covered":8,"skipped":0,"pct":100},"branches":{"total":16,"covered":15,"skipped":0,"pct":93.75}}
,"/Users/ramith/code/cvx/src/pdf/components/SectionTitle.jsx": {"lines":{"total":4,"covered":4,"skipped":0,"pct":100},"functions":{"total":2,"covered":2,"skipped":0,"pct":100},"statements":{"total":4,"covered":4,"skipped":0,"pct":100},"branches":{"total":3,"covered":3,"skipped":0,"pct":100}}
,"/Users/ramith/code/cvx/src/pdf/sections/AchievementsSection.jsx": {"lines":{"total":6,"covered":6,"skipped":0,"pct":100},"functions":{"total":3,"covered":3,"skipped":0,"pct":100},"statements":{"total":7,"covered":7,"skipped":0,"pct":100},"branches":{"total":2,"covered":2,"skipped":0,"pct":100}}
,"/Users/ramith/code/cvx/src/pdf/sections/CertificationsSection.jsx": {"lines":{"total":6,"covered":6,"skipped":0,"pct":100},"functions":{"total":3,"covered":3,"skipped":0,"pct":100},"statements":{"total":7,"covered":7,"skipped":0,"pct":100},"branches":{"total":6,"covered":6,"skipped":0,"pct":100}}
,"/Users/ramith/code/cvx/src/pdf/sections/CompetenciesSection.jsx": {"lines":{"total":6,"covered":6,"skipped":0,"pct":100},"functions":{"total":3,"covered":3,"skipped":0,"pct":100},"statements":{"total":7,"covered":7,"skipped":0,"pct":100},"branches":{"total":2,"covered":2,"skipped":0,"pct":100}}
,"/Users/ramith/code/cvx/src/pdf/sections/ContactSection.jsx": {"lines":{"total":14,"covered":14,"skipped":0,"pct":100},"functions":{"total":6,"covered":6,"skipped":0,"pct":100},"statements":{"total":15,"covered":14,"skipped":0,"pct":93.33},"branches":{"total":10,"covered":9,"skipped":0,"pct":90}}
,"/Users/ramith/code/cvx/src/pdf/sections/EducationSection.jsx": {"lines":{"total":6,"covered":6,"skipped":0,"pct":100},"functions":{"total":3,"covered":3,"skipped":0,"pct":100},"statements":{"total":7,"covered":7,"skipped":0,"pct":100},"branches":{"total":4,"covered":4,"skipped":0,"pct":100}}
,"/Users/ramith/code/cvx/src/pdf/sections/ExperienceSection.jsx": {"lines":{"total":7,"covered":7,"skipped":0,"pct":100},"functions":{"total":3,"covered":3,"skipped":0,"pct":100},"statements":{"total":8,"covered":8,"skipped":0,"pct":100},"branches":{"total":7,"covered":7,"skipped":0,"pct":100}}
,"/Users/ramith/code/cvx/src/pdf/sections/HeaderATS.jsx": {"lines":{"total":7,"covered":7,"skipped":0,"pct":100},"functions":{"total":3,"covered":3,"skipped":0,"pct":100},"statements":{"total":8,"covered":8,"skipped":0,"pct":100},"branches":{"total":8,"covered":7,"skipped":0,"pct":87.5}}
,"/Users/ramith/code/cvx/src/pdf/sections/IdentityCompact.jsx": {"lines":{"total":5,"covered":5,"skipped":0,"pct":100},"functions":{"total":2,"covered":2,"skipped":0,"pct":100},"statements":{"total":5,"covered":5,"skipped":0,"pct":100},"branches":{"total":0,"covered":0,"skipped":0,"pct":100}}
,"/Users/ramith/code/cvx/src/pdf/sections/IdentityPhoto.jsx": {"lines":{"total":5,"covered":5,"skipped":0,"pct":100},"functions":{"total":2,"covered":2,"skipped":0,"pct":100},"statements":{"total":5,"covered":5,"skipped":0,"pct":100},"branches":{"total":2,"covered":2,"skipped":0,"pct":100}}
,"/Users/ramith/code/cvx/src/pdf/sections/LanguagesSection.jsx": {"lines":{"total":6,"covered":6,"skipped":0,"pct":100},"functions":{"total":3,"covered":3,"skipped":0,"pct":100},"statements":{"total":7,"covered":7,"skipped":0,"pct":100},"branches":{"total":4,"covered":4,"skipped":0,"pct":100}}
,"/Users/ramith/code/cvx/src/pdf/sections/PublicationsSection.jsx": {"lines":{"total":7,"covered":7,"skipped":0,"pct":100},"functions":{"total":3,"covered":3,"skipped":0,"pct":100},"statements":{"total":8,"covered":8,"skipped":0,"pct":100},"branches":{"total":4,"covered":4,"skipped":0,"pct":100}}
,"/Users/ramith/code/cvx/src/pdf/sections/RefereesSection.jsx": {"lines":{"total":7,"covered":7,"skipped":0,"pct":100},"functions":{"total":4,"covered":4,"skipped":0,"pct":100},"statements":{"total":7,"covered":7,"skipped":0,"pct":100},"branches":{"total":12,"covered":12,"skipped":0,"pct":100}}
,"/Users/ramith/code/cvx/src/pdf/sections/SummarySection.jsx": {"lines":{"total":3,"covered":3,"skipped":0,"pct":100},"functions":{"total":1,"covered":1,"skipped":0,"pct":100},"statements":{"total":4,"covered":4,"skipped":0,"pct":100},"branches":{"total":2,"covered":2,"skipped":0,"pct":100}}
,"/Users/ramith/code/cvx/src/pdf/sections/registry.js": {"lines":{"total":14,"covered":14,"skipped":0,"pct":100},"functions":{"total":2,"covered":2,"skipped":0,"pct":100},"statements":{"total":14,"covered":14,"skipped":0,"pct":100},"branches":{"total":13,"covered":12,"skipped":0,"pct":92.3}}
,"/Users/ramith/code/cvx/src/pdf/templates/SingleColumnTemplate.jsx": {"lines":{"total":4,"covered":4,"skipped":0,"pct":100},"functions":{"total":2,"covered":2,"skipped":0,"pct":100},"statements":{"total":4,"covered":4,"skipped":0,"pct":100},"branches":{"total":0,"covered":0,"skipped":0,"pct":100}}
,"/Users/ramith/code/cvx/src/pdf/templates/TwoColumnTemplate.jsx": {"lines":{"total":7,"covered":7,"skipped":0,"pct":100},"functions":{"total":2,"covered":2,"skipped":0,"pct":100},"statements":{"total":7,"covered":7,"skipped":0,"pct":100},"branches":{"total":5,"covered":5,"skipped":0,"pct":100}}
,"/Users/ramith/code/cvx/src/pdf/themes/coral.js": {"lines":{"total":1,"covered":1,"skipped":0,"pct":100},"functions":{"total":0,"covered":0,"skipped":0,"pct":100},"statements":{"total":1,"covered":1,"skipped":0,"pct":100},"branches":{"total":0,"covered":0,"skipped":0,"pct":100}}
,"/Users/ramith/code/cvx/src/pdf/themes/index.js": {"lines":{"total":20,"covered":20,"skipped":0,"pct":100},"functions":{"total":3,"covered":3,"skipped":0,"pct":100},"statements":{"total":24,"covered":24,"skipped":0,"pct":100},"branches":{"total":11,"covered":10,"skipped":0,"pct":90.9}}
,"/Users/ramith/code/cvx/src/pdf/themes/mono.js": {"lines":{"total":1,"covered":1,"skipped":0,"pct":100},"functions":{"total":0,"covered":0,"skipped":0,"pct":100},"statements":{"total":1,"covered":1,"skipped":0,"pct":100},"branches":{"total":0,"covered":0,"skipped":0,"pct":100}}
,"/Users/ramith/code/cvx/src/pdf/themes/teal.js": {"lines":{"total":1,"covered":1,"skipped":0,"pct":100},"functions":{"total":0,"covered":0,"skipped":0,"pct":100},"statements":{"total":1,"covered":1,"skipped":0,"pct":100},"branches":{"total":0,"covered":0,"skipped":0,"pct":100}}
}
