{"total": {"lines":{"total":940,"covered":675,"skipped":0,"pct":71.8},"statements":{"total":1049,"covered":741,"skipped":0,"pct":70.63},"functions":{"total":200,"covered":155,"skipped":0,"pct":77.5},"branches":{"total":866,"covered":455,"skipped":0,"pct":52.54},"branchesTrue":{"total":0,"covered":0,"skipped":0,"pct":100}}
,"/Users/ramith/code/cvx/bin/cvx.js": {"lines":{"total":172,"covered":0,"skipped":0,"pct":0},"functions":{"total":15,"covered":0,"skipped":0,"pct":0},"statements":{"total":183,"covered":0,"skipped":0,"pct":0},"branches":{"total":158,"covered":0,"skipped":0,"pct":0}}
,"/Users/ramith/code/cvx/src/mcp/server.js": {"lines":{"total":17,"covered":0,"skipped":0,"pct":0},"functions":{"total":6,"covered":0,"skipped":0,"pct":0},"statements":{"total":19,"covered":0,"skipped":0,"pct":0},"branches":{"total":4,"covered":0,"skipped":0,"pct":0}}
,"/Users/ramith/code/cvx/src/mcp/tools.js": {"lines":{"total":31,"covered":26,"skipped":0,"pct":83.87},"functions":{"total":11,"covered":9,"skipped":0,"pct":81.81},"statements":{"total":37,"covered":30,"skipped":0,"pct":81.08},"branches":{"total":20,"covered":13,"skipped":0,"pct":65}}
,"/Users/ramith/code/cvx/src/pdf/ATSDocument.jsx": {"lines":{"total":21,"covered":2,"skipped":0,"pct":9.52},"functions":{"total":15,"covered":0,"skipped":0,"pct":0},"statements":{"total":23,"covered":2,"skipped":0,"pct":8.69},"branches":{"total":66,"covered":0,"skipped":0,"pct":0}}
,"/Users/ramith/code/cvx/src/pdf/CVDocument.jsx": {"lines":{"total":34,"covered":31,"skipped":0,"pct":91.17},"functions":{"total":9,"covered":8,"skipped":0,"pct":88.88},"statements":{"total":37,"covered":33,"skipped":0,"pct":89.18},"branches":{"total":38,"covered":22,"skipped":0,"pct":57.89}}
,"/Users/ramith/code/cvx/src/pdf/ThemeContext.jsx": {"lines":{"total":4,"covered":4,"skipped":0,"pct":100},"functions":{"total":3,"covered":3,"skipped":0,"pct":100},"statements":{"total":5,"covered":5,"skipped":0,"pct":100},"branches":{"total":0,"covered":0,"skipped":0,"pct":100}}
,"/Users/ramith/code/cvx/src/pdf/fonts.js": {"lines":{"total":3,"covered":3,"skipped":0,"pct":100},"functions":{"total":2,"covered":2,"skipped":0,"pct":100},"statements":{"total":4,"covered":4,"skipped":0,"pct":100},"branches":{"total":0,"covered":0,"skipped":0,"pct":100}}
,"/Users/ramith/code/cvx/src/pdf/keywords.js": {"lines":{"total":34,"covered":32,"skipped":0,"pct":94.11},"functions":{"total":7,"covered":7,"skipped":0,"pct":100},"statements":{"total":43,"covered":41,"skipped":0,"pct":95.34},"branches":{"total":42,"covered":35,"skipped":0,"pct":83.33}}
,"/Users/ramith/code/cvx/src/pdf/layout.js": {"lines":{"total":127,"covered":125,"skipped":0,"pct":98.42},"functions":{"total":15,"covered":15,"skipped":0,"pct":100},"statements":{"total":135,"covered":130,"skipped":0,"pct":96.29},"branches":{"total":83,"covered":64,"skipped":0,"pct":77.1}}
,"/Users/ramith/code/cvx/src/pdf/loadContent.js": {"lines":{"total":16,"covered":16,"skipped":0,"pct":100},"functions":{"total":3,"covered":3,"skipped":0,"pct":100},"statements":{"total":19,"covered":19,"skipped":0,"pct":100},"branches":{"total":6,"covered":6,"skipped":0,"pct":100}}
,"/Users/ramith/code/cvx/src/pdf/loadLayout.js": {"lines":{"total":25,"covered":21,"skipped":0,"pct":84},"functions":{"total":4,"covered":4,"skipped":0,"pct":100},"statements":{"total":33,"covered":27,"skipped":0,"pct":81.81},"branches":{"total":34,"covered":21,"skipped":0,"pct":61.76}}
,"/Users/ramith/code/cvx/src/pdf/measure.js": {"lines":{"total":68,"covered":68,"skipped":0,"pct":100},"functions":{"total":13,"covered":13,"skipped":0,"pct":100},"statements":{"total":83,"covered":78,"skipped":0,"pct":93.97},"branches":{"total":60,"covered":50,"skipped":0,"pct":83.33}}
,"/Users/ramith/code/cvx/src/pdf/normalizeContent.js": {"lines":{"total":7,"covered":7,"skipped":0,"pct":100},"functions":{"total":1,"covered":1,"skipped":0,"pct":100},"statements":{"total":10,"covered":10,"skipped":0,"pct":100},"branches":{"total":8,"covered":8,"skipped":0,"pct":100}}
,"/Users/ramith/code/cvx/src/pdf/profilePhoto.js": {"lines":{"total":5,"covered":5,"skipped":0,"pct":100},"functions":{"total":2,"covered":2,"skipped":0,"pct":100},"statements":{"total":7,"covered":7,"skipped":0,"pct":100},"branches":{"total":3,"covered":3,"skipped":0,"pct":100}}
,"/Users/ramith/code/cvx/src/pdf/render.js": {"lines":{"total":41,"covered":31,"skipped":0,"pct":75.6},"functions":{"total":6,"covered":6,"skipped":0,"pct":100},"statements":{"total":44,"covered":32,"skipped":0,"pct":72.72},"branches":{"total":35,"covered":19,"skipped":0,"pct":54.28}}
,"/Users/ramith/code/cvx/src/pdf/reproducible.js": {"lines":{"total":41,"covered":38,"skipped":0,"pct":92.68},"functions":{"total":9,"covered":9,"skipped":0,"pct":100},"statements":{"total":43,"covered":40,"skipped":0,"pct":93.02},"branches":{"total":18,"covered":16,"skipped":0,"pct":88.88}}
,"/Users/ramith/code/cvx/src/pdf/validateContent.js": {"lines":{"total":144,"covered":135,"skipped":0,"pct":93.75},"functions":{"total":23,"covered":23,"skipped":0,"pct":100},"statements":{"total":160,"covered":149,"skipped":0,"pct":93.12},"branches":{"total":169,"covered":120,"skipped":0,"pct":71}}
,"/Users/ramith/code/cvx/src/pdf/components/BulletList.jsx": {"lines":{"total":5,"covered":5,"skipped":0,"pct":100},"functions":{"total":3,"covered":3,"skipped":0,"pct":100},"statements":{"total":5,"covered":5,"skipped":0,"pct":100},"branches":{"total":11,"covered":4,"skipped":0,"pct":36.36}}
,"/Users/ramith/code/cvx/src/pdf/components/ExpItem.jsx": {"lines":{"total":8,"covered":7,"skipped":0,"pct":87.5},"functions":{"total":3,"covered":3,"skipped":0,"pct":100},"statements":{"total":8,"covered":7,"skipped":0,"pct":87.5},"branches":{"total":16,"covered":11,"skipped":0,"pct":68.75}}
,"/Users/ramith/code/cvx/src/pdf/components/SectionTitle.jsx": {"lines":{"total":4,"covered":4,"skipped":0,"pct":100},"functions":{"total":2,"covered":2,"skipped":0,"pct":100},"statements":{"total":4,"covered":4,"skipped":0,"pct":100},"branches":{"total":3,"covered":3,"skipped":0,"pct":100}}
,"/Users/ramith/code/cvx/src/pdf/sections/AchievementsSection.jsx": {"lines":{"total":6,"covered":6,"skipped":0,"pct":100},"functions":{"total":3,"covered":3,"skipped":0,"pct":100},"statements":{"total":7,"covered":6,"skipped":0,"pct":85.71},"branches":{"total":2,"covered":1,"skipped":0,"pct":50}}
,"/Users/ramith/code/cvx/src/pdf/sections/CertificationsSection.jsx": {"lines":{"total":6,"covered":6,"skipped":0,"pct":100},"functions":{"total":3,"covered":3,"skipped":0,"pct":100},"statements":{"total":7,"covered":6,"skipped":0,"pct":85.71},"branches":{"total":6,"covered":5,"skipped":0,"pct":83.33}}
,"/Users/ramith/code/cvx/src/pdf/sections/CompetenciesSection.jsx": {"lines":{"total":6,"covered":6,"skipped":0,"pct":100},"functions":{"total":3,"covered":3,"skipped":0,"pct":100},"statements":{"total":7,"covered":6,"skipped":0,"pct":85.71},"branches":{"total":2,"covered":1,"skipped":0,"pct":50}}
,"/Users/ramith/code/cvx/src/pdf/sections/ContactSection.jsx": {"lines":{"total":14,"covered":14,"skipped":0,"pct":100},"functions":{"total":6,"covered":6,"skipped":0,"pct":100},"statements":{"total":15,"covered":14,"skipped":0,"pct":93.33},"branches":{"total":10,"covered":5,"skipped":0,"pct":50}}
,"/Users/ramith/code/cvx/src/pdf/sections/EducationSection.jsx": {"lines":{"total":6,"covered":6,"skipped":0,"pct":100},"functions":{"total":3,"covered":3,"skipped":0,"pct":100},"statements":{"total":7,"covered":6,"skipped":0,"pct":85.71},"branches":{"total":4,"covered":3,"skipped":0,"pct":75}}
,"/Users/ramith/code/cvx/src/pdf/sections/ExperienceSection.jsx": {"lines":{"total":7,"covered":7,"skipped":0,"pct":100},"functions":{"total":3,"covered":3,"skipped":0,"pct":100},"statements":{"total":8,"covered":7,"skipped":0,"pct":87.5},"branches":{"total":7,"covered":6,"skipped":0,"pct":85.71}}
,"/Users/ramith/code/cvx/src/pdf/sections/HeaderATS.jsx": {"lines":{"total":7,"covered":1,"skipped":0,"pct":14.28},"functions":{"total":3,"covered":0,"skipped":0,"pct":0},"statements":{"total":8,"covered":1,"skipped":0,"pct":12.5},"branches":{"total":8,"covered":0,"skipped":0,"pct":0}}
,"/Users/ramith/code/cvx/src/pdf/sections/IdentityCompact.jsx": {"lines":{"total":5,"covered":5,"skipped":0,"pct":100},"functions":{"total":2,"covered":2,"skipped":0,"pct":100},"statements":{"total":5,"covered":5,"skipped":0,"pct":100},"branches":{"total":0,"covered":0,"skipped":0,"pct":100}}
,"/Users/ramith/code/cvx/src/pdf/sections/IdentityPhoto.jsx": {"lines":{"total":5,"covered":5,"skipped":0,"pct":100},"functions":{"total":2,"covered":2,"skipped":0,"pct":100},"statements":{"total":5,"covered":5,"skipped":0,"pct":100},"branches":{"total":2,"covered":2,"skipped":0,"pct":100}}
,"/Users/ramith/code/cvx/src/pdf/sections/LanguagesSection.jsx": {"lines":{"total":6,"covered":6,"skipped":0,"pct":100},"functions":{"total":3,"covered":3,"skipped":0,"pct":100},"statements":{"total":7,"covered":6,"skipped":0,"pct":85.71},"branches":{"total":4,"covered":3,"skipped":0,"pct":75}}
,"/Users/ramith/code/cvx/src/pdf/sections/PublicationsSection.jsx": {"lines":{"total":7,"covered":7,"skipped":0,"pct":100},"functions":{"total":3,"covered":3,"skipped":0,"pct":100},"statements":{"total":8,"covered":7,"skipped":0,"pct":87.5},"branches":{"total":4,"covered":3,"skipped":0,"pct":75}}
,"/Users/ramith/code/cvx/src/pdf/sections/RefereesSection.jsx": {"lines":{"total":7,"covered":7,"skipped":0,"pct":100},"functions":{"total":4,"covered":4,"skipped":0,"pct":100},"statements":{"total":7,"covered":7,"skipped":0,"pct":100},"branches":{"total":12,"covered":10,"skipped":0,"pct":83.33}}
,"/Users/ramith/code/cvx/src/pdf/sections/SummarySection.jsx": {"lines":{"total":3,"covered":3,"skipped":0,"pct":100},"functions":{"total":1,"covered":1,"skipped":0,"pct":100},"statements":{"total":4,"covered":3,"skipped":0,"pct":75},"branches":{"total":2,"covered":1,"skipped":0,"pct":50}}
,"/Users/ramith/code/cvx/src/pdf/sections/registry.js": {"lines":{"total":14,"covered":12,"skipped":0,"pct":85.71},"functions":{"total":2,"covered":2,"skipped":0,"pct":100},"statements":{"total":14,"covered":12,"skipped":0,"pct":85.71},"branches":{"total":13,"covered":10,"skipped":0,"pct":76.92}}
,"/Users/ramith/code/cvx/src/pdf/templates/SingleColumnTemplate.jsx": {"lines":{"total":4,"covered":1,"skipped":0,"pct":25},"functions":{"total":2,"covered":0,"skipped":0,"pct":0},"statements":{"total":4,"covered":1,"skipped":0,"pct":25},"branches":{"total":0,"covered":0,"skipped":0,"pct":100}}
,"/Users/ramith/code/cvx/src/pdf/templates/TwoColumnTemplate.jsx": {"lines":{"total":7,"covered":7,"skipped":0,"pct":100},"functions":{"total":2,"covered":2,"skipped":0,"pct":100},"statements":{"total":7,"covered":7,"skipped":0,"pct":100},"branches":{"total":5,"covered":5,"skipped":0,"pct":100}}
,"/Users/ramith/code/cvx/src/pdf/themes/coral.js": {"lines":{"total":1,"covered":1,"skipped":0,"pct":100},"functions":{"total":0,"covered":0,"skipped":0,"pct":100},"statements":{"total":1,"covered":1,"skipped":0,"pct":100},"branches":{"total":0,"covered":0,"skipped":0,"pct":100}}
,"/Users/ramith/code/cvx/src/pdf/themes/index.js": {"lines":{"total":20,"covered":13,"skipped":0,"pct":65},"functions":{"total":3,"covered":2,"skipped":0,"pct":66.66},"statements":{"total":24,"covered":16,"skipped":0,"pct":66.66},"branches":{"total":11,"covered":5,"skipped":0,"pct":45.45}}
,"/Users/ramith/code/cvx/src/pdf/themes/mono.js": {"lines":{"total":1,"covered":1,"skipped":0,"pct":100},"functions":{"total":0,"covered":0,"skipped":0,"pct":100},"statements":{"total":1,"covered":1,"skipped":0,"pct":100},"branches":{"total":0,"covered":0,"skipped":0,"pct":100}}
,"/Users/ramith/code/cvx/src/pdf/themes/teal.js": {"lines":{"total":1,"covered":1,"skipped":0,"pct":100},"functions":{"total":0,"covered":0,"skipped":0,"pct":100},"statements":{"total":1,"covered":1,"skipped":0,"pct":100},"branches":{"total":0,"covered":0,"skipped":0,"pct":100}}
}
