TN:
SF:bin/cvx.js
FN:53,(anonymous_0)
FN:55,init
FN:84,validate
FN:134,list
FN:136,(anonymous_4)
FN:144,(anonymous_5)
FN:150,(anonymous_6)
FN:182,(anonymous_7)
FN:187,(anonymous_8)
FN:192,(anonymous_9)
FN:197,(anonymous_10)
FN:219,mcpInit
FN:255,build
FN:262,(anonymous_13)
FN:295,buildAll
FNF:15
FNH:0
FNDA:0,(anonymous_0)
FNDA:0,init
FNDA:0,validate
FNDA:0,list
FNDA:0,(anonymous_4)
FNDA:0,(anonymous_5)
FNDA:0,(anonymous_6)
FNDA:0,(anonymous_7)
FNDA:0,(anonymous_8)
FNDA:0,(anonymous_9)
FNDA:0,(anonymous_10)
FNDA:0,mcpInit
FNDA:0,build
FNDA:0,(anonymous_13)
FNDA:0,buildAll
DA:25,0
DA:26,0
DA:28,0
DA:30,0
DA:53,0
DA:56,0
DA:57,0
DA:58,0
DA:59,0
DA:67,0
DA:68,0
DA:70,0
DA:71,0
DA:72,0
DA:74,0
DA:85,0
DA:86,0
DA:92,0
DA:93,0
DA:103,0
DA:104,0
DA:108,0
DA:109,0
DA:110,0
DA:112,0
DA:113,0
DA:114,0
DA:115,0
DA:116,0
DA:117,0
DA:122,0
DA:123,0
DA:124,0
DA:125,0
DA:127,0
DA:131,0
DA:135,0
DA:136,0
DA:141,0
DA:142,0
DA:143,0
DA:144,0
DA:149,0
DA:150,0
DA:151,0
DA:152,0
DA:153,0
DA:157,0
DA:162,0
DA:163,0
DA:164,0
DA:165,0
DA:167,0
DA:168,0
DA:169,0
DA:170,0
DA:179,0
DA:180,0
DA:182,0
DA:187,0
DA:192,0
DA:198,0
DA:199,0
DA:206,0
DA:207,0
DA:212,0
DA:220,0
DA:221,0
DA:222,0
DA:223,0
DA:224,0
DA:226,0
DA:229,0
DA:231,0
DA:233,0
DA:234,0
DA:235,0
DA:236,0
DA:238,0
DA:239,0
DA:240,0
DA:241,0
DA:242,0
DA:245,0
DA:246,0
DA:247,0
DA:248,0
DA:250,0
DA:256,0
DA:257,0
DA:258,0
DA:263,0
DA:264,0
DA:267,0
DA:268,0
DA:269,0
DA:280,0
DA:281,0
DA:296,0
DA:297,0
DA:298,0
DA:299,0
DA:300,0
DA:301,0
DA:313,0
DA:314,0
DA:315,0
DA:319,0
DA:322,0
DA:323,0
DA:324,0
DA:325,0
DA:327,0
DA:328,0
DA:333,0
DA:335,0
DA:336,0
DA:342,0
DA:343,0
DA:345,0
DA:346,0
DA:347,0
DA:353,0
DA:354,0
DA:356,0
DA:364,0
DA:365,0
DA:369,0
DA:372,0
DA:373,0
DA:374,0
DA:375,0
DA:387,0
DA:388,0
DA:390,0
DA:391,0
DA:392,0
DA:393,0
DA:394,0
DA:395,0
DA:396,0
DA:397,0
DA:398,0
DA:399,0
DA:400,0
DA:401,0
DA:402,0
DA:410,0
DA:411,0
DA:413,0
DA:414,0
DA:415,0
DA:416,0
DA:417,0
DA:418,0
DA:419,0
DA:421,0
DA:422,0
DA:430,0
DA:431,0
DA:433,0
DA:434,0
DA:435,0
DA:437,0
DA:438,0
DA:443,0
DA:444,0
DA:447,0
DA:448,0
DA:449,0
DA:454,0
DA:455,0
LF:172
LH:0
BRDA:57,0,0,0
BRDA:57,0,1,0
BRDA:58,1,0,0
BRDA:58,1,1,0
BRDA:71,2,0,0
BRDA:71,2,1,0
BRDA:92,3,0,0
BRDA:92,3,1,0
BRDA:109,4,0,0
BRDA:109,4,1,0
BRDA:113,5,0,0
BRDA:113,5,1,0
BRDA:115,6,0,0
BRDA:115,6,1,0
BRDA:116,7,0,0
BRDA:116,7,1,0
BRDA:116,8,0,0
BRDA:116,8,1,0
BRDA:118,9,0,0
BRDA:118,9,1,0
BRDA:124,10,0,0
BRDA:124,10,1,0
BRDA:124,11,0,0
BRDA:124,11,1,0
BRDA:128,12,0,0
BRDA:128,12,1,0
BRDA:128,13,0,0
BRDA:128,13,1,0
BRDA:128,14,0,0
BRDA:128,14,1,0
BRDA:128,15,0,0
BRDA:128,15,1,0
BRDA:128,16,0,0
BRDA:128,16,1,0
BRDA:131,17,0,0
BRDA:131,17,1,0
BRDA:149,18,0,0
BRDA:149,18,1,0
BRDA:152,19,0,0
BRDA:152,19,1,0
BRDA:159,20,0,0
BRDA:159,20,1,0
BRDA:159,20,2,0
BRDA:160,21,0,0
BRDA:160,21,1,0
BRDA:160,21,2,0
BRDA:162,22,0,0
BRDA:162,22,1,0
BRDA:163,23,0,0
BRDA:163,23,1,0
BRDA:165,24,0,0
BRDA:165,24,1,0
BRDA:167,25,0,0
BRDA:167,25,1,0
BRDA:171,26,0,0
BRDA:171,26,1,0
BRDA:171,27,0,0
BRDA:171,27,1,0
BRDA:198,28,0,0
BRDA:198,28,1,0
BRDA:206,29,0,0
BRDA:206,29,1,0
BRDA:208,30,0,0
BRDA:208,30,1,0
BRDA:221,31,0,0
BRDA:221,31,1,0
BRDA:222,32,0,0
BRDA:222,32,1,0
BRDA:223,33,0,0
BRDA:223,33,1,0
BRDA:227,34,0,0
BRDA:227,34,1,0
BRDA:234,35,0,0
BRDA:234,35,1,0
BRDA:239,36,0,0
BRDA:239,36,1,0
BRDA:248,37,0,0
BRDA:248,37,1,0
BRDA:251,38,0,0
BRDA:251,38,1,0
BRDA:268,39,0,0
BRDA:268,39,1,0
BRDA:275,40,0,0
BRDA:275,40,1,0
BRDA:276,41,0,0
BRDA:276,41,1,0
BRDA:280,42,0,0
BRDA:280,42,1,0
BRDA:299,43,0,0
BRDA:299,43,1,0
BRDA:300,44,0,0
BRDA:300,44,1,0
BRDA:316,45,0,0
BRDA:316,45,1,0
BRDA:316,46,0,0
BRDA:316,46,1,0
BRDA:316,47,0,0
BRDA:316,47,1,0
BRDA:325,48,0,0
BRDA:325,48,1,0
BRDA:330,49,0,0
BRDA:330,49,1,0
BRDA:335,50,0,0
BRDA:335,50,1,0
BRDA:345,51,0,0
BRDA:345,51,1,0
BRDA:346,52,0,0
BRDA:346,52,1,0
BRDA:351,53,0,0
BRDA:351,53,1,0
BRDA:362,54,0,0
BRDA:362,54,1,0
BRDA:364,55,0,0
BRDA:364,55,1,0
BRDA:366,56,0,0
BRDA:366,56,1,0
BRDA:369,57,0,0
BRDA:369,57,1,0
BRDA:387,58,0,0
BRDA:387,58,1,0
BRDA:390,59,0,0
BRDA:390,59,1,0
BRDA:392,60,0,0
BRDA:392,60,1,0
BRDA:392,61,0,0
BRDA:392,61,1,0
BRDA:394,62,0,0
BRDA:394,62,1,0
BRDA:396,63,0,0
BRDA:396,63,1,0
BRDA:398,64,0,0
BRDA:398,64,1,0
BRDA:400,65,0,0
BRDA:400,65,1,0
BRDA:400,66,0,0
BRDA:400,66,1,0
BRDA:401,67,0,0
BRDA:401,67,1,0
BRDA:414,68,0,0
BRDA:414,68,1,0
BRDA:415,69,0,0
BRDA:415,69,1,0
BRDA:417,70,0,0
BRDA:417,70,1,0
BRDA:421,71,0,0
BRDA:421,71,1,0
BRDA:433,72,0,0
BRDA:433,72,1,0
BRDA:434,73,0,0
BRDA:434,73,1,0
BRDA:437,74,0,0
BRDA:437,74,1,0
BRDA:447,75,0,0
BRDA:447,75,1,0
BRDA:448,76,0,0
BRDA:448,76,1,0
BRDA:452,77,0,0
BRDA:452,77,1,0
BRF:158
BRH:0
end_of_record
TN:
SF:src/mcp/server.js
FN:20,runMcpServer
FN:35,(anonymous_1)
FN:36,(anonymous_2)
FN:44,(anonymous_3)
FN:45,(anonymous_4)
FN:85,(anonymous_5)
FNF:6
FNH:0
FNDA:0,runMcpServer
FNDA:0,(anonymous_1)
FNDA:0,(anonymous_2)
FNDA:0,(anonymous_3)
FNDA:0,(anonymous_4)
FNDA:0,(anonymous_5)
DA:18,0
DA:21,0
DA:23,0
DA:35,0
DA:36,0
DA:44,0
DA:45,0
DA:46,0
DA:47,0
DA:60,0
DA:61,0
DA:62,0
DA:67,0
DA:82,0
DA:83,0
DA:84,0
DA:85,0
LF:17
LH:0
BRDA:46,0,0,0
BRDA:46,0,1,0
BRDA:61,1,0,0
BRDA:61,1,1,0
BRF:4
BRH:0
end_of_record
TN:
SF:src/mcp/tools.js
FN:21,(anonymous_0)
FN:22,(anonymous_1)
FN:25,resolveFontsDir
FN:30,getSchema
FN:32,(anonymous_4)
FN:40,(anonymous_5)
FN:46,(anonymous_6)
FN:55,initCv
FN:76,validateCv
FN:92,buildPdf
FN:98,(anonymous_10)
FNF:11
FNH:9
FNDA:10,(anonymous_0)
FNDA:9,(anonymous_1)
FNDA:5,resolveFontsDir
FNDA:1,getSchema
FNDA:3,(anonymous_4)
FNDA:2,(anonymous_5)
FNDA:0,(anonymous_6)
FNDA:3,initCv
FNDA:4,validateCv
FNDA:1,buildPdf
FNDA:0,(anonymous_10)
DA:19,1
DA:21,10
DA:22,9
DA:26,5
DA:27,5
DA:31,1
DA:32,3
DA:37,1
DA:38,1
DA:39,1
DA:40,2
DA:45,1
DA:46,0
DA:47,0
DA:48,0
DA:49,0
DA:52,1
DA:56,3
DA:57,3
DA:58,1
DA:63,2
DA:64,2
DA:77,4
DA:82,4
DA:93,1
DA:94,1
DA:98,0
DA:100,1
DA:101,1
DA:102,1
DA:118,1
LF:31
LH:26
BRDA:21,0,0,10
BRDA:21,0,1,0
BRDA:27,1,0,5
BRDA:27,1,1,0
BRDA:30,2,0,1
BRDA:45,3,0,0
BRDA:45,3,1,1
BRDA:48,4,0,0
BRDA:48,4,1,0
BRDA:55,5,0,3
BRDA:57,6,0,1
BRDA:57,6,1,2
BRDA:76,7,0,4
BRDA:76,8,0,4
BRDA:92,9,0,1
BRDA:92,10,0,1
BRDA:108,11,0,0
BRDA:108,11,1,1
BRDA:109,12,0,0
BRDA:109,12,1,1
BRF:20
BRH:13
end_of_record
TN:
SF:src/pdf/ATSDocument.jsx
FN:16,(anonymous_0)
FN:99,ATSContent
FN:113,(anonymous_2)
FN:115,(anonymous_3)
FN:143,(anonymous_4)
FN:157,(anonymous_5)
FN:168,(anonymous_6)
FN:176,(anonymous_7)
FN:192,(anonymous_8)
FN:209,(anonymous_9)
FN:225,(anonymous_10)
FN:251,(anonymous_11)
FN:261,(anonymous_12)
FN:275,(anonymous_13)
FN:295,ATSDocument
FNF:15
FNH:0
FNDA:0,(anonymous_0)
FNDA:0,ATSContent
FNDA:0,(anonymous_2)
FNDA:0,(anonymous_3)
FNDA:0,(anonymous_4)
FNDA:0,(anonymous_5)
FNDA:0,(anonymous_6)
FNDA:0,(anonymous_7)
FNDA:0,(anonymous_8)
FNDA:0,(anonymous_9)
FNDA:0,(anonymous_10)
FNDA:0,(anonymous_11)
FNDA:0,(anonymous_12)
FNDA:0,(anonymous_13)
FNDA:0,ATSDocument
DA:14,1
DA:16,1
DA:17,0
DA:112,0
DA:113,0
DA:115,0
DA:116,0
DA:124,0
DA:145,0
DA:158,0
DA:169,0
DA:178,0
DA:193,0
DA:210,0
DA:226,0
DA:251,0
DA:263,0
DA:276,0
DA:312,0
DA:315,0
DA:317,0
LF:21
LH:2
BRDA:115,0,0,0
BRDA:115,0,1,0
BRDA:115,1,0,0
BRDA:115,1,1,0
BRDA:132,2,0,0
BRDA:132,2,1,0
BRDA:136,3,0,0
BRDA:136,3,1,0
BRDA:140,4,0,0
BRDA:140,4,1,0
BRDA:147,5,0,0
BRDA:147,5,1,0
BRDA:154,6,0,0
BRDA:154,6,1,0
BRDA:159,7,0,0
BRDA:159,7,1,0
BRDA:165,8,0,0
BRDA:165,8,1,0
BRDA:166,9,0,0
BRDA:166,9,1,0
BRDA:180,10,0,0
BRDA:180,10,1,0
BRDA:189,11,0,0
BRDA:189,11,1,0
BRDA:194,12,0,0
BRDA:194,12,1,0
BRDA:198,13,0,0
BRDA:198,13,1,0
BRDA:206,14,0,0
BRDA:206,14,1,0
BRDA:211,15,0,0
BRDA:211,15,1,0
BRDA:213,16,0,0
BRDA:213,16,1,0
BRDA:213,16,2,0
BRDA:222,17,0,0
BRDA:222,17,1,0
BRDA:227,18,0,0
BRDA:227,18,1,0
BRDA:229,19,0,0
BRDA:229,19,1,0
BRDA:229,19,2,0
BRDA:238,20,0,0
BRDA:238,20,1,0
BRDA:246,21,0,0
BRDA:246,21,1,0
BRDA:251,22,0,0
BRDA:251,22,1,0
BRDA:258,23,0,0
BRDA:258,23,1,0
BRDA:272,24,0,0
BRDA:272,24,1,0
BRDA:277,25,0,0
BRDA:277,25,1,0
BRDA:279,26,0,0
BRDA:279,26,1,0
BRDA:282,27,0,0
BRDA:282,27,1,0
BRDA:285,28,0,0
BRDA:285,28,1,0
BRDA:286,29,0,0
BRDA:286,29,1,0
BRDA:312,30,0,0
BRDA:312,30,1,0
BRDA:322,31,0,0
BRDA:322,31,1,0
BRF:66
BRH:0
end_of_record
TN:
SF:src/pdf/CVDocument.jsx
FN:77,buildSidebar
FN:78,(anonymous_1)
FN:79,(anonymous_2)
FN:101,(anonymous_3)
FN:115,TwoColumnDocument
FN:128,contLayout
FN:152,(anonymous_6)
FN:173,SingleColumnDocument
FN:183,CVDocument
FNF:9
FNH:8
FNDA:2,buildSidebar
FNDA:10,(anonymous_1)
FNDA:10,(anonymous_2)
FNDA:8,(anonymous_3)
FNDA:1,TwoColumnDocument
FNDA:1,contLayout
FNDA:1,(anonymous_6)
FNDA:0,SingleColumnDocument
FNDA:1,CVDocument
DA:22,2
DA:45,2
DA:63,2
DA:70,2
DA:78,10
DA:79,10
DA:80,2
DA:82,2
DA:88,2
DA:102,8
DA:116,1
DA:126,1
DA:129,1
DA:130,1
DA:131,1
DA:132,1
DA:135,1
DA:136,1
DA:137,1
DA:139,0
DA:140,0
DA:143,1
DA:153,1
DA:156,1
DA:157,1
DA:174,0
DA:202,1
DA:203,1
DA:205,1
DA:207,1
DA:212,1
DA:226,1
DA:229,1
DA:231,1
LF:34
LH:31
BRDA:91,0,0,2
BRDA:91,0,1,2
BRDA:103,1,0,8
BRDA:103,1,1,6
BRDA:135,2,0,1
BRDA:135,2,1,0
BRDA:135,3,0,1
BRDA:135,3,1,1
BRDA:135,3,2,1
BRDA:135,3,3,1
BRDA:136,4,0,1
BRDA:136,4,1,0
BRDA:136,5,0,1
BRDA:136,5,1,0
BRDA:137,6,0,1
BRDA:137,6,1,0
BRDA:139,7,0,0
BRDA:139,7,1,0
BRDA:139,8,0,0
BRDA:139,8,1,0
BRDA:202,9,0,1
BRDA:202,9,1,0
BRDA:203,10,0,1
BRDA:203,10,1,0
BRDA:203,10,2,0
BRDA:205,11,0,1
BRDA:205,11,1,0
BRDA:205,11,2,0
BRDA:208,12,0,1
BRDA:208,12,1,1
BRDA:209,13,0,1
BRDA:209,13,1,1
BRDA:226,14,0,1
BRDA:226,14,1,0
BRDA:236,15,0,1
BRDA:236,15,1,0
BRDA:243,16,0,0
BRDA:243,16,1,1
BRF:38
BRH:22
end_of_record
TN:
SF:src/pdf/ThemeContext.jsx
FN:6,useTheme
FN:14,useStyles
FN:16,(anonymous_2)
FNF:3
FNH:3
FNDA:35,useTheme
FNDA:34,useStyles
FNDA:34,(anonymous_2)
DA:4,2
DA:7,35
DA:15,34
DA:16,34
LF:4
LH:4
BRF:0
BRH:0
end_of_record
TN:
SF:src/pdf/fonts.js
FN:11,registerFonts
FN:30,(anonymous_1)
FNF:2
FNH:2
FNDA:2,registerFonts
FNDA:2501,(anonymous_1)
DA:15,2
DA:16,2
DA:30,2501
LF:3
LH:3
BRF:0
BRH:0
end_of_record
TN:
SF:src/pdf/keywords.js
FN:16,(anonymous_0)
FN:21,(anonymous_1)
FN:30,toList
FN:34,(anonymous_3)
FN:54,deriveFromContent
FN:70,dedupe
FN:90,buildKeywords
FNF:7
FNH:7
FNDA:106,(anonymous_0)
FNDA:53,(anonymous_1)
FNDA:15,toList
FNDA:38,(anonymous_3)
FNDA:5,deriveFromContent
FNDA:10,dedupe
FNDA:11,buildKeywords
DA:16,106
DA:21,53
DA:31,15
DA:32,10
DA:33,9
DA:35,38
DA:36,1
DA:37,0
DA:42,1
DA:43,1
DA:45,0
DA:55,5
DA:57,5
DA:59,5
DA:60,5
DA:61,6
DA:62,6
DA:63,4
DA:66,5
DA:71,10
DA:72,10
DA:73,10
DA:74,53
DA:75,53
DA:76,46
DA:77,46
DA:80,10
DA:91,11
DA:92,11
DA:94,10
DA:95,10
DA:100,11
DA:101,11
DA:102,11
LF:34
LH:32
BRDA:16,0,0,106
BRDA:16,0,1,0
BRDA:31,1,0,5
BRDA:31,1,1,10
BRDA:32,2,0,9
BRDA:32,2,1,1
BRDA:35,3,0,37
BRDA:35,3,1,1
BRDA:36,4,0,1
BRDA:36,4,1,0
BRDA:36,5,0,1
BRDA:36,5,1,1
BRDA:42,6,0,1
BRDA:42,6,1,0
BRDA:45,7,0,0
BRDA:45,7,1,0
BRDA:57,8,0,2
BRDA:57,8,1,3
BRDA:59,9,0,3
BRDA:59,9,1,2
BRDA:61,10,0,6
BRDA:61,10,1,0
BRDA:62,11,0,6
BRDA:62,11,1,4
BRDA:63,12,0,4
BRDA:63,12,1,0
BRDA:75,13,0,46
BRDA:75,13,1,7
BRDA:75,14,0,53
BRDA:75,14,1,53
BRDA:90,15,0,11
BRDA:90,16,0,11
BRDA:91,17,0,11
BRDA:91,17,1,3
BRDA:92,18,0,1
BRDA:92,18,1,10
BRDA:95,19,0,5
BRDA:95,19,1,5
BRDA:101,20,0,1
BRDA:101,20,1,9
BRDA:101,21,0,11
BRDA:101,21,1,1
BRF:42
BRH:35
end_of_record
TN:
SF:src/pdf/layout.js
FN:30,deriveMetrics
FN:82,lh
FN:105,quantize
FN:118,lineCount
FN:124,countLines
FN:129,calcTitleH
FN:138,calcDividerH
FN:151,summaryH
FN:163,entryH
FN:221,resolveFirstSidebar
FN:225,(anonymous_10)
FN:276,estimatePage1Overflow
FN:281,(anonymous_12)
FN:289,(anonymous_13)
FN:310,packExperiences
FNF:15
FNH:15
FNDA:42,deriveMetrics
FNDA:1478,lh
FNDA:353,quantize
FNDA:1052,lineCount
FNDA:1061,countLines
FNDA:78,calcTitleH
FNDA:44,calcDividerH
FNDA:38,summaryH
FNDA:167,entryH
FNDA:7,resolveFirstSidebar
FNDA:10,(anonymous_10)
FNDA:3,estimatePage1Overflow
FNDA:8,(anonymous_12)
FNDA:8,(anonymous_13)
FNDA:38,packExperiences
DA:31,42
DA:32,42
DA:33,42
DA:34,42
DA:35,42
DA:37,42
DA:38,42
DA:39,42
DA:41,42
DA:83,1478
DA:106,353
DA:119,1052
DA:120,1052
DA:125,1061
DA:126,1008
DA:130,78
DA:139,44
DA:145,7
DA:149,7
DA:152,38
DA:153,38
DA:154,150
DA:155,150
DA:159,38
DA:160,38
DA:164,167
DA:165,1
DA:166,1
DA:167,1
DA:168,1
DA:169,1
DA:170,2
DA:171,2
DA:175,1
DA:177,1
DA:178,1
DA:181,166
DA:182,166
DA:183,166
DA:184,166
DA:185,166
DA:186,149
DA:187,149
DA:189,166
DA:190,6
DA:191,6
DA:193,166
DA:194,167
DA:195,166
DA:196,166
DA:197,760
DA:198,760
DA:202,166
DA:204,166
DA:205,166
DA:222,7
DA:223,7
DA:225,3
DA:226,10
DA:229,7
DA:260,7
DA:277,3
DA:278,3
DA:280,2
DA:281,2
DA:282,8
DA:283,8
DA:284,0
DA:285,8
DA:288,2
DA:289,2
DA:290,8
DA:294,2
DA:303,3
DA:311,38
DA:312,38
DA:314,38
DA:315,38
DA:316,38
DA:319,38
DA:320,2
DA:321,2
DA:323,2
DA:324,2
DA:325,2
DA:328,2
DA:330,2
DA:331,0
DA:332,2
DA:333,1
DA:334,1
DA:336,1
DA:339,2
DA:340,2
DA:341,2
DA:342,2
DA:343,3
DA:344,3
DA:345,3
DA:346,7
DA:347,7
DA:348,7
DA:349,6
DA:350,6
DA:352,3
DA:353,3
DA:354,3
DA:357,2
DA:361,36
DA:363,36
DA:365,36
DA:366,36
DA:367,36
DA:369,36
DA:370,84
DA:371,84
DA:372,84
DA:373,152
DA:374,152
DA:375,152
DA:376,104
DA:377,104
DA:379,84
DA:380,84
DA:381,84
DA:382,84
DA:385,36
LF:127
LH:125
BRDA:31,0,0,42
BRDA:31,0,1,7
BRDA:125,1,0,53
BRDA:125,1,1,1008
BRDA:154,2,0,150
BRDA:154,2,1,0
BRDA:164,3,0,1
BRDA:164,3,1,166
BRDA:166,4,0,1
BRDA:166,4,1,0
BRDA:166,5,0,1
BRDA:166,5,1,0
BRDA:167,6,0,1
BRDA:167,6,1,0
BRDA:170,7,0,2
BRDA:170,7,1,0
BRDA:184,8,0,0
BRDA:184,8,1,166
BRDA:185,9,0,149
BRDA:185,9,1,17
BRDA:189,10,0,6
BRDA:189,10,1,160
BRDA:193,11,0,166
BRDA:193,11,1,0
BRDA:193,12,0,167
BRDA:193,12,1,166
BRDA:194,13,0,166
BRDA:194,13,1,1
BRDA:197,14,0,760
BRDA:197,14,1,0
BRDA:222,15,0,7
BRDA:222,15,1,2
BRDA:223,16,0,4
BRDA:223,16,1,3
BRDA:225,17,0,3
BRDA:225,17,1,1
BRDA:225,18,0,7
BRDA:225,18,1,1
BRDA:276,19,0,3
BRDA:278,20,0,1
BRDA:278,20,1,2
BRDA:283,21,0,0
BRDA:283,21,1,8
BRDA:283,22,0,8
BRDA:283,22,1,0
BRDA:283,22,2,0
BRDA:283,23,0,0
BRDA:283,23,1,0
BRDA:290,24,0,6
BRDA:290,24,1,2
BRDA:298,25,0,2
BRDA:298,25,1,0
BRDA:310,26,0,38
BRDA:319,27,0,2
BRDA:319,27,1,36
BRDA:321,28,0,2
BRDA:321,28,1,1
BRDA:330,29,0,0
BRDA:330,29,1,2
BRDA:332,30,0,1
BRDA:332,30,1,1
BRDA:332,31,0,2
BRDA:332,31,1,1
BRDA:332,32,0,1
BRDA:332,32,1,0
BRDA:347,33,0,4
BRDA:347,33,1,3
BRDA:348,34,0,1
BRDA:348,34,1,6
BRDA:348,35,0,7
BRDA:348,35,1,4
BRDA:352,36,0,0
BRDA:352,36,1,3
BRDA:374,37,0,68
BRDA:374,37,1,84
BRDA:375,38,0,48
BRDA:375,38,1,104
BRDA:375,39,0,152
BRDA:375,39,1,68
BRDA:379,40,0,0
BRDA:379,40,1,84
BRDA:386,41,0,36
BRDA:386,41,1,0
BRF:83
BRH:64
end_of_record
TN:
SF:src/pdf/loadContent.js
FN:28,loadContent
FN:29,(anonymous_1)
FN:53,(anonymous_2)
FNF:3
FNH:3
FNDA:9,loadContent
FNDA:24,(anonymous_1)
FNDA:6,(anonymous_2)
DA:29,24
DA:31,9
DA:32,9
DA:34,9
DA:35,16
DA:38,16
DA:40,16
DA:41,1
DA:43,15
DA:50,9
DA:51,9
DA:52,9
DA:53,6
DA:54,4
DA:55,4
DA:58,9
LF:16
LH:16
BRDA:40,0,0,1
BRDA:40,0,1,15
BRDA:52,1,0,4
BRDA:52,1,1,5
BRDA:55,2,0,3
BRDA:55,2,1,1
BRF:6
BRH:6
end_of_record
TN:
SF:src/pdf/loadLayout.js
FN:14,normalizeItem
FN:44,normalizeSlot
FN:52,normalizePage
FN:69,normalizeLayout
FNF:4
FNH:4
FNDA:26,normalizeItem
FNDA:7,normalizeSlot
FNDA:4,normalizePage
FNDA:2,normalizeLayout
DA:15,26
DA:17,1
DA:18,1
DA:19,1
DA:20,1
DA:21,1
DA:24,1
DA:25,1
DA:29,0
DA:30,0
DA:34,0
DA:38,0
DA:45,7
DA:46,7
DA:53,4
DA:54,4
DA:55,4
DA:56,4
DA:57,4
DA:70,2
DA:74,2
DA:75,2
DA:76,2
DA:77,2
DA:79,2
LF:25
LH:21
BRDA:15,0,0,25
BRDA:15,0,1,1
BRDA:17,1,0,1
BRDA:17,1,1,0
BRDA:17,2,0,1
BRDA:17,2,1,1
BRDA:19,3,0,1
BRDA:19,3,1,0
BRDA:24,4,0,1
BRDA:24,4,1,0
BRDA:24,5,0,1
BRDA:24,5,1,1
BRDA:29,6,0,0
BRDA:29,6,1,0
BRDA:29,7,0,0
BRDA:29,7,1,0
BRDA:45,8,0,0
BRDA:45,8,1,7
BRDA:53,9,0,0
BRDA:53,9,1,4
BRDA:55,10,0,3
BRDA:55,10,1,1
BRDA:56,11,0,4
BRDA:56,11,1,0
BRDA:71,12,0,2
BRDA:71,12,1,0
BRDA:74,13,0,2
BRDA:74,13,1,0
BRDA:75,14,0,2
BRDA:75,14,1,0
BRDA:76,15,0,1
BRDA:76,15,1,1
BRDA:77,16,0,1
BRDA:77,16,1,1
BRF:34
BRH:21
end_of_record
TN:
SF:src/pdf/measure.js
FN:36,fontFileFor
FN:44,nearestWeightBucket
FN:46,(anonymous_2)
FN:55,isSkippableCodePoint
FN:73,createMeasurer
FN:77,fontFor
FN:84,widthOf
FN:105,lineCount
FN:138,unsupportedChars
FN:169,findUnsupportedGlyphs
FN:176,walk
FN:184,(anonymous_11)
FN:202,describeUnsupportedGlyphFinding
FNF:13
FNH:13
FNDA:2044,fontFileFor
FNDA:2044,nearestWeightBucket
FNDA:10220,(anonymous_2)
FNDA:54946,isSkippableCodePoint
FNDA:19,createMeasurer
FNDA:2044,fontFor
FNDA:1738,widthOf
FNDA:105,lineCount
FNDA:1210,unsupportedChars
FNDA:13,findUnsupportedGlyphs
FNDA:1649,walk
FNDA:599,(anonymous_11)
FNDA:2,describeUnsupportedGlyphFinding
DA:37,2044
DA:38,2044
DA:39,2044
DA:40,2029
DA:43,5
DA:45,2044
DA:46,2044
DA:47,10220
DA:56,54946
DA:74,19
DA:75,19
DA:78,2044
DA:79,2044
DA:80,2044
DA:85,1738
DA:86,1738
DA:87,1738
DA:88,1738
DA:89,834
DA:90,834
DA:91,834
DA:92,834
DA:93,834
DA:106,105
DA:107,104
DA:108,104
DA:110,103
DA:111,103
DA:112,103
DA:113,103
DA:114,1628
DA:115,1628
DA:116,103
DA:117,103
DA:119,1525
DA:120,1525
DA:121,133
DA:122,133
DA:124,1392
DA:127,103
DA:139,1210
DA:140,1210
DA:141,1210
DA:142,1210
DA:143,54946
DA:144,54946
DA:145,54941
DA:147,1210
DA:150,19
DA:174,13
DA:177,1649
DA:178,1649
DA:179,1199
DA:180,1199
DA:181,1199
DA:183,450
DA:184,149
DA:185,599
DA:187,149
DA:189,301
DA:190,946
DA:194,13
DA:195,125
DA:196,104
DA:198,13
DA:203,2
DA:204,2
DA:205,2
LF:68
LH:68
BRDA:38,0,0,0
BRDA:38,0,1,2044
BRDA:38,1,0,0
BRDA:38,1,1,0
BRDA:39,2,0,15
BRDA:39,2,1,2029
BRDA:39,3,0,0
BRDA:39,3,1,15
BRDA:40,4,0,106
BRDA:40,4,1,1923
BRDA:45,5,0,0
BRDA:45,5,1,2044
BRDA:47,6,0,35
BRDA:47,6,1,10185
BRDA:56,7,0,54946
BRDA:56,7,1,54944
BRDA:56,7,2,216
BRDA:56,7,3,54941
BRDA:79,8,0,23
BRDA:79,8,1,2021
BRDA:84,9,0,1738
BRDA:84,10,0,1738
BRDA:84,11,0,1738
BRDA:85,12,0,0
BRDA:85,12,1,1738
BRDA:88,13,0,904
BRDA:88,13,1,834
BRDA:105,14,0,105
BRDA:106,15,0,1
BRDA:106,15,1,104
BRDA:108,16,0,1
BRDA:108,16,1,103
BRDA:115,17,0,103
BRDA:115,17,1,1525
BRDA:120,18,0,133
BRDA:120,18,1,1392
BRDA:139,19,0,0
BRDA:139,19,1,1210
BRDA:144,20,0,5
BRDA:144,20,1,54941
BRDA:145,21,0,61
BRDA:145,21,1,54880
BRDA:172,22,0,13
BRDA:172,23,0,13
BRDA:177,24,0,0
BRDA:177,24,1,1649
BRDA:178,25,0,1199
BRDA:178,25,1,450
BRDA:180,26,0,3
BRDA:180,26,1,1196
BRDA:180,27,0,3
BRDA:180,27,1,0
BRDA:183,28,0,149
BRDA:183,28,1,301
BRDA:189,29,0,301
BRDA:189,29,1,0
BRDA:195,30,0,21
BRDA:195,30,1,104
BRDA:204,31,0,1
BRDA:204,31,1,1
BRF:60
BRH:50
end_of_record
TN:
SF:src/pdf/normalizeContent.js
FN:44,normalizeContent
FNF:1
FNH:1
FNDA:201,normalizeContent
DA:45,201
DA:46,57
DA:47,39
DA:48,36
DA:49,108
DA:50,36
DA:52,3
LF:7
LH:7
BRDA:45,0,0,144
BRDA:45,0,1,57
BRDA:46,1,0,18
BRDA:46,1,1,39
BRDA:47,2,0,36
BRDA:47,2,1,3
BRDA:47,3,0,39
BRDA:47,3,1,39
BRF:8
BRH:8
end_of_record
TN:
SF:src/pdf/profilePhoto.js
FN:18,pickProfilePhoto
FN:20,(anonymous_1)
FNF:2
FNH:2
FNDA:11,pickProfilePhoto
FNDA:24,(anonymous_1)
DA:9,5
DA:19,11
DA:20,30
DA:21,30
DA:23,4
LF:5
LH:5
BRDA:18,0,0,11
BRDA:21,1,0,7
BRDA:21,1,1,23
BRF:3
BRH:3
end_of_record
TN:
SF:src/pdf/render.js
FN:28,discoverLayouts
FN:31,(anonymous_1)
FN:39,deriveFilename
FN:51,tryCreateMeasurer
FN:63,warnAboutUnsupportedGlyphs
FN:86,renderCV
FNF:6
FNH:6
FNDA:1,discoverLayouts
FNDA:2,(anonymous_1)
FNDA:1,deriveFilename
FNDA:1,tryCreateMeasurer
FNDA:1,warnAboutUnsupportedGlyphs
FNDA:1,renderCV
DA:29,1
DA:30,1
DA:31,2
DA:32,2
DA:36,1
DA:40,1
DA:41,1
DA:52,1
DA:53,1
DA:55,0
DA:58,0
DA:64,1
DA:65,1
DA:66,0
DA:67,0
DA:93,1
DA:94,0
DA:97,1
DA:98,1
DA:99,1
DA:105,1
DA:106,1
DA:108,1
DA:109,0
DA:112,0
DA:120,1
DA:121,1
DA:122,1
DA:123,1
DA:125,1
DA:126,1
DA:128,1
DA:129,0
DA:131,1
DA:132,0
DA:137,1
DA:144,1
DA:145,0
DA:153,1
DA:164,1
DA:165,1
LF:41
LH:31
BRDA:30,0,0,0
BRDA:30,0,1,1
BRDA:40,1,0,1
BRDA:40,1,1,0
BRDA:64,2,0,0
BRDA:64,2,1,1
BRDA:66,3,0,0
BRDA:66,3,1,0
BRDA:89,4,0,1
BRDA:90,5,0,1
BRDA:91,6,0,1
BRDA:93,7,0,0
BRDA:93,7,1,1
BRDA:108,8,0,0
BRDA:108,8,1,1
BRDA:122,9,0,1
BRDA:122,9,1,0
BRDA:123,10,0,1
BRDA:123,10,1,0
BRDA:126,11,0,1
BRDA:126,11,1,0
BRDA:128,12,0,0
BRDA:128,12,1,1
BRDA:131,13,0,0
BRDA:131,13,1,1
BRDA:131,14,0,1
BRDA:131,14,1,1
BRDA:138,15,0,1
BRDA:138,15,1,0
BRDA:139,16,0,1
BRDA:139,16,1,0
BRDA:144,17,0,0
BRDA:144,17,1,1
BRDA:164,18,0,0
BRDA:164,18,1,1
BRF:35
BRH:19
end_of_record
TN:
SF:src/pdf/reproducible.js
FN:38,resolveCreationDate
FN:59,seedMathRandom
FN:61,mulberry32
FN:75,makeDeflateSynchronous
FN:80,value
FN:83,(anonymous_5)
FN:87,(anonymous_6)
FN:105,setupReproducibility
FN:131,verifyPatchPoints
FNF:9
FNH:9
FNDA:11,resolveCreationDate
FNDA:4,seedMathRandom
FNDA:1006,mulberry32
FNDA:2,makeDeflateSynchronous
FNDA:2,value
FNDA:1,(anonymous_5)
FNDA:1,(anonymous_6)
FNDA:3,setupReproducibility
FNDA:2,verifyPatchPoints
DA:29,2
DA:30,2
DA:39,11
DA:40,11
DA:42,6
DA:43,6
DA:44,3
DA:47,3
DA:50,3
DA:60,4
DA:61,4
DA:62,1006
DA:63,1006
DA:64,1006
DA:65,1006
DA:78,2
DA:81,1
DA:82,1
DA:83,1
DA:84,1
DA:85,1
DA:87,1
DA:88,1
DA:89,1
DA:90,1
DA:92,1
DA:106,3
DA:107,3
DA:108,1
DA:109,0
DA:115,1
DA:116,1
DA:118,3
DA:132,2
DA:134,2
DA:135,2
DA:136,2
DA:138,0
DA:140,2
DA:141,2
DA:143,0
LF:41
LH:38
BRDA:38,0,0,11
BRDA:40,1,0,5
BRDA:40,1,1,6
BRDA:40,2,0,11
BRDA:40,2,1,7
BRDA:43,3,0,3
BRDA:43,3,1,3
BRDA:43,4,0,6
BRDA:43,4,1,4
BRDA:88,5,0,1
BRDA:88,5,1,0
BRDA:105,6,0,3
BRDA:107,7,0,1
BRDA:107,7,1,2
BRDA:108,8,0,0
BRDA:108,8,1,1
BRDA:141,9,0,2
BRDA:141,9,1,2
BRF:18
BRH:16
end_of_record
TN:
SF:src/pdf/validateContent.js
FN:45,getValidator
FN:58,levenshtein
FN:59,(anonymous_2)
FN:71,didYouMean
FN:84,(anonymous_4)
FN:93,mapAjvErrors
FN:94,(anonymous_6)
FN:94,(anonymous_7)
FN:99,(anonymous_8)
FN:105,(anonymous_9)
FN:138,(anonymous_10)
FN:186,(anonymous_11)
FN:189,(anonymous_12)
FN:191,(anonymous_13)
FN:211,validateContent
FN:216,(anonymous_15)
FN:236,(anonymous_16)
FN:265,(anonymous_17)
FN:354,(anonymous_18)
FN:355,(anonymous_19)
FN:397,(anonymous_20)
FN:398,(anonymous_21)
FN:403,(anonymous_22)
FNF:23
FNH:23
FNDA:315,getValidator
FNDA:90,levenshtein
FNDA:802,(anonymous_2)
FNDA:11,didYouMean
FNDA:1,(anonymous_4)
FNDA:9,mapAjvErrors
FNDA:13,(anonymous_6)
FNDA:1,(anonymous_7)
FNDA:3,(anonymous_8)
FNDA:2,(anonymous_9)
FNDA:3,(anonymous_10)
FNDA:12,(anonymous_11)
FNDA:1,(anonymous_12)
FNDA:11,(anonymous_13)
FNDA:23,validateContent
FNDA:23,(anonymous_15)
FNDA:356,(anonymous_16)
FNDA:27,(anonymous_17)
FNDA:44,(anonymous_18)
FNDA:44,(anonymous_19)
FNDA:20,(anonymous_20)
FNDA:20,(anonymous_21)
FNDA:1,(anonymous_22)
DA:29,2
DA:31,2
DA:39,2
DA:42,2
DA:46,315
DA:47,2
DA:48,2
DA:49,2
DA:51,315
DA:52,314
DA:59,802
DA:60,708
DA:61,90
DA:62,712
DA:63,5880
DA:68,90
DA:72,11
DA:73,11
DA:74,11
DA:75,90
DA:76,90
DA:77,18
DA:78,18
DA:81,11
DA:84,2
DA:94,13
DA:95,9
DA:96,9
DA:98,9
DA:99,13
DA:100,13
DA:102,2
DA:105,2
DA:106,2
DA:111,1
DA:115,12
DA:117,2
DA:121,2
DA:123,5
DA:124,5
DA:125,5
DA:131,5
DA:134,3
DA:135,3
DA:138,3
DA:139,3
DA:140,3
DA:145,3
DA:148,0
DA:152,0
DA:154,1
DA:155,1
DA:159,1
DA:162,0
DA:166,0
DA:168,1
DA:169,1
DA:171,0
DA:172,0
DA:174,0
DA:176,12
DA:177,12
DA:178,12
DA:179,12
DA:180,12
DA:185,9
DA:188,12
DA:189,1
DA:191,11
DA:212,23
DA:213,23
DA:214,23
DA:215,23
DA:216,23
DA:225,23
DA:226,2
DA:230,2
DA:233,21
DA:234,21
DA:235,21
DA:236,356
DA:238,21
DA:239,252
DA:240,252
DA:241,252
DA:242,1
DA:246,1
DA:249,251
DA:250,251
DA:252,1
DA:256,1
DA:258,250
DA:259,250
DA:261,250
DA:262,250
DA:263,1
DA:267,27
DA:279,1
DA:283,1
DA:285,249
DA:286,8
DA:287,10
DA:288,10
DA:294,21
DA:295,63
DA:296,2
DA:311,21
DA:312,23
DA:313,2
DA:314,2
DA:321,2
DA:322,2
DA:339,21
DA:340,9
DA:341,1
DA:351,21
DA:352,21
DA:354,44
DA:355,44
DA:357,23
DA:361,1
DA:371,21
DA:372,44
DA:373,44
DA:375,44
DA:376,44
DA:378,0
DA:382,0
DA:384,44
DA:385,44
DA:386,44
DA:387,1
DA:388,1
DA:389,1
DA:395,21
DA:396,21
DA:397,20
DA:398,20
DA:399,20
DA:400,20
DA:402,20
DA:403,1
DA:404,1
DA:413,21
LF:144
LH:135
BRDA:29,0,0,2
BRDA:29,0,1,0
BRDA:46,1,0,2
BRDA:46,1,1,313
BRDA:51,2,0,1
BRDA:51,2,1,314
BRDA:53,3,0,314
BRDA:53,3,1,0
BRDA:66,4,0,486
BRDA:66,4,1,5394
BRDA:76,5,0,18
BRDA:76,5,1,72
BRDA:81,6,0,9
BRDA:81,6,1,2
BRDA:84,7,0,0
BRDA:84,7,1,1
BRDA:84,8,0,0
BRDA:84,8,1,1
BRDA:100,9,0,2
BRDA:100,9,1,11
BRDA:100,10,0,13
BRDA:100,10,1,3
BRDA:105,11,0,0
BRDA:105,11,1,2
BRDA:106,12,0,1
BRDA:106,12,1,1
BRDA:107,13,0,2
BRDA:107,13,1,1
BRDA:107,13,2,1
BRDA:115,14,0,2
BRDA:115,14,1,5
BRDA:115,14,2,3
BRDA:115,14,3,0
BRDA:115,14,4,1
BRDA:115,14,5,0
BRDA:115,14,6,1
BRDA:115,14,7,0
BRDA:115,14,8,0
BRDA:118,15,0,2
BRDA:118,15,1,1
BRDA:124,16,0,5
BRDA:124,16,1,0
BRDA:126,17,0,5
BRDA:126,17,1,5
BRDA:128,18,0,5
BRDA:128,18,1,0
BRDA:139,19,0,3
BRDA:139,19,1,0
BRDA:141,20,0,3
BRDA:141,20,1,0
BRDA:143,21,0,1
BRDA:143,21,1,2
BRDA:149,22,0,0
BRDA:149,22,1,0
BRDA:154,23,0,1
BRDA:154,23,1,0
BRDA:156,24,0,1
BRDA:156,24,1,0
BRDA:157,25,0,1
BRDA:157,25,1,0
BRDA:163,26,0,0
BRDA:163,26,1,0
BRDA:168,27,0,1
BRDA:168,27,1,0
BRDA:171,28,0,0
BRDA:171,28,1,0
BRDA:174,29,0,0
BRDA:174,29,1,0
BRDA:178,30,0,12
BRDA:178,30,1,0
BRDA:188,31,0,12
BRDA:188,31,1,1
BRDA:189,32,0,1
BRDA:189,32,1,1
BRDA:189,32,2,1
BRDA:211,33,0,23
BRDA:211,34,0,23
BRDA:215,35,0,10
BRDA:215,35,1,13
BRDA:215,36,0,23
BRDA:215,36,1,10
BRDA:217,37,0,13
BRDA:217,37,1,10
BRDA:220,38,0,23
BRDA:220,38,1,7
BRDA:222,39,0,17
BRDA:222,39,1,6
BRDA:225,40,0,2
BRDA:225,40,1,21
BRDA:236,41,0,356
BRDA:236,41,1,105
BRDA:239,42,0,1
BRDA:239,42,1,251
BRDA:241,43,0,1
BRDA:241,43,1,251
BRDA:253,44,0,1
BRDA:253,44,1,0
BRDA:254,45,0,1
BRDA:254,45,1,0
BRDA:259,46,0,0
BRDA:259,46,1,250
BRDA:262,47,0,1
BRDA:262,47,1,249
BRDA:267,48,0,27
BRDA:267,48,1,19
BRDA:281,49,0,1
BRDA:281,49,1,0
BRDA:285,50,0,8
BRDA:285,50,1,241
BRDA:287,51,0,3
BRDA:287,51,1,7
BRDA:287,52,0,10
BRDA:287,52,1,5
BRDA:288,53,0,5
BRDA:288,53,1,5
BRDA:295,54,0,2
BRDA:295,54,1,61
BRDA:297,55,0,0
BRDA:297,55,1,2
BRDA:299,56,0,0
BRDA:299,56,1,2
BRDA:311,57,0,21
BRDA:311,57,1,0
BRDA:312,58,0,2
BRDA:312,58,1,21
BRDA:312,59,0,23
BRDA:312,59,1,3
BRDA:313,60,0,2
BRDA:313,60,1,0
BRDA:316,61,0,2
BRDA:316,61,1,0
BRDA:321,62,0,2
BRDA:321,62,1,0
BRDA:339,63,0,9
BRDA:339,63,1,12
BRDA:352,64,0,21
BRDA:352,64,1,0
BRDA:357,65,0,1
BRDA:357,65,1,22
BRDA:358,66,0,23
BRDA:358,66,1,19
BRDA:364,67,0,1
BRDA:364,67,1,0
BRDA:379,68,0,0
BRDA:379,68,1,0
BRDA:380,69,0,0
BRDA:380,69,1,0
BRDA:384,70,0,0
BRDA:384,70,1,44
BRDA:386,71,0,1
BRDA:386,71,1,43
BRDA:388,72,0,0
BRDA:388,72,1,1
BRDA:388,73,0,1
BRDA:388,73,1,0
BRDA:389,74,0,0
BRDA:389,74,1,1
BRDA:396,75,0,20
BRDA:396,75,1,1
BRDA:400,76,0,20
BRDA:400,76,1,20
BRDA:402,77,0,1
BRDA:402,77,1,19
BRDA:402,78,0,20
BRDA:402,78,1,1
BRDA:406,79,0,1
BRDA:406,79,1,0
BRDA:408,80,0,0
BRDA:408,80,1,0
BRF:169
BRH:120
end_of_record
TN:
SF:src/pdf/components/BulletList.jsx
FN:4,(anonymous_0)
FN:24,BulletList
FN:28,(anonymous_2)
FNF:3
FNH:3
FNDA:5,(anonymous_0)
FNDA:5,BulletList
FNDA:21,(anonymous_2)
DA:4,2
DA:5,5
DA:25,5
DA:26,5
DA:30,21
LF:5
LH:5
BRDA:24,0,0,5
BRDA:30,1,0,21
BRDA:30,1,1,16
BRDA:33,2,0,21
BRDA:33,2,1,0
BRDA:37,3,0,0
BRDA:37,3,1,0
BRDA:38,4,0,0
BRDA:38,4,1,0
BRDA:43,5,0,0
BRDA:43,5,1,0
BRF:11
BRH:4
end_of_record
TN:
SF:src/pdf/components/ExpItem.jsx
FN:5,(anonymous_0)
FN:59,ExpItem
FN:96,(anonymous_2)
FNF:3
FNH:3
FNDA:4,(anonymous_0)
FNDA:4,ExpItem
FNDA:3,(anonymous_2)
DA:5,2
DA:6,4
DA:71,4
DA:72,4
DA:74,4
DA:75,0
DA:85,4
DA:97,3
LF:8
LH:7
BRDA:67,0,0,4
BRDA:69,1,0,4
BRDA:72,2,0,4
BRDA:72,2,1,0
BRDA:74,3,0,0
BRDA:74,3,1,4
BRDA:80,4,0,0
BRDA:80,4,1,0
BRDA:92,5,0,4
BRDA:92,5,1,0
BRDA:93,6,0,4
BRDA:93,6,1,3
BRDA:94,7,0,4
BRDA:94,7,1,1
BRDA:104,8,0,4
BRDA:104,8,1,4
BRF:16
BRH:11
end_of_record
TN:
SF:src/pdf/components/SectionTitle.jsx
FN:4,(anonymous_0)
FN:32,SectionTitle
FNF:2
FNH:2
FNDA:11,(anonymous_0)
FNDA:11,SectionTitle
DA:4,2
DA:5,11
DA:33,11
DA:34,11
LF:4
LH:4
BRDA:32,0,0,11
BRDA:34,1,0,8
BRDA:34,1,1,3
BRF:3
BRH:3
end_of_record
TN:
SF:src/pdf/sections/AchievementsSection.jsx
FN:5,(anonymous_0)
FN:23,AchievementsSection
FN:29,(anonymous_2)
FNF:3
FNH:3
FNDA:1,(anonymous_0)
FNDA:1,AchievementsSection
FNDA:7,(anonymous_2)
DA:5,2
DA:6,1
DA:24,1
DA:25,1
DA:26,1
DA:30,7
LF:6
LH:6
BRDA:25,0,0,0
BRDA:25,0,1,1
BRF:2
BRH:1
end_of_record
TN:
SF:src/pdf/sections/CertificationsSection.jsx
FN:5,(anonymous_0)
FN:29,CertificationsSection
FN:35,(anonymous_2)
FNF:3
FNH:3
FNDA:1,(anonymous_0)
FNDA:1,CertificationsSection
FNDA:2,(anonymous_2)
DA:5,2
DA:6,1
DA:30,1
DA:31,1
DA:32,1
DA:36,2
LF:6
LH:6
BRDA:31,0,0,0
BRDA:31,0,1,1
BRDA:38,1,0,2
BRDA:38,1,1,2
BRDA:39,2,0,2
BRDA:39,2,1,2
BRF:6
BRH:5
end_of_record
TN:
SF:src/pdf/sections/CompetenciesSection.jsx
FN:5,(anonymous_0)
FN:26,CompetenciesSection
FN:33,(anonymous_2)
FNF:3
FNH:3
FNDA:1,(anonymous_0)
FNDA:1,CompetenciesSection
FNDA:10,(anonymous_2)
DA:5,2
DA:6,1
DA:27,1
DA:28,1
DA:29,1
DA:34,10
LF:6
LH:6
BRDA:28,0,0,0
BRDA:28,0,1,1
BRF:2
BRH:1
end_of_record
TN:
SF:src/pdf/sections/ContactSection.jsx
FN:32,(anonymous_0)
FN:56,Icon
FN:71,ContactSection
FN:86,(anonymous_3)
FN:87,(anonymous_4)
FN:92,(anonymous_5)
FNF:6
FNH:6
FNDA:1,(anonymous_0)
FNDA:4,Icon
FNDA:1,ContactSection
FNDA:1,(anonymous_3)
FNDA:6,(anonymous_4)
FNDA:4,(anonymous_5)
DA:5,2
DA:32,2
DA:33,1
DA:57,4
DA:58,4
DA:59,4
DA:72,1
DA:73,1
DA:74,1
DA:76,1
DA:86,1
DA:87,6
DA:89,1
DA:93,4
LF:14
LH:14
BRDA:58,0,0,0
BRDA:58,0,1,4
BRDA:81,1,0,1
BRDA:81,1,1,0
BRDA:86,2,0,1
BRDA:86,2,1,0
BRDA:86,3,0,1
BRDA:86,3,1,0
BRDA:95,4,0,4
BRDA:95,4,1,0
BRF:10
BRH:5
end_of_record
TN:
SF:src/pdf/sections/EducationSection.jsx
FN:5,(anonymous_0)
FN:29,EducationSection
FN:35,(anonymous_2)
FNF:3
FNH:3
FNDA:1,(anonymous_0)
FNDA:1,EducationSection
FNDA:4,(anonymous_2)
DA:5,2
DA:6,1
DA:30,1
DA:31,1
DA:32,1
DA:36,4
LF:6
LH:6
BRDA:31,0,0,0
BRDA:31,0,1,1
BRDA:39,1,0,4
BRDA:39,1,1,4
BRF:4
BRH:3
end_of_record
TN:
SF:src/pdf/sections/ExperienceSection.jsx
FN:7,(anonymous_0)
FN:16,ExperienceSection
FN:23,(anonymous_2)
FNF:3
FNH:3
FNDA:2,(anonymous_0)
FNDA:2,ExperienceSection
FNDA:4,(anonymous_2)
DA:7,2
DA:8,2
DA:17,2
DA:18,2
DA:19,2
DA:20,2
DA:24,4
LF:7
LH:7
BRDA:16,0,0,2
BRDA:18,1,0,1
BRDA:18,1,1,1
BRDA:19,2,0,0
BRDA:19,2,1,2
BRDA:26,3,0,4
BRDA:26,3,1,2
BRF:7
BRH:6
end_of_record
TN:
SF:src/pdf/sections/HeaderATS.jsx
FN:4,(anonymous_0)
FN:24,HeaderATS
FN:27,(anonymous_2)
FNF:3
FNH:0
FNDA:0,(anonymous_0)
FNDA:0,HeaderATS
FNDA:0,(anonymous_2)
DA:4,2
DA:5,0
DA:25,0
DA:26,0
DA:27,0
DA:28,0
DA:36,0
LF:7
LH:1
BRDA:27,0,0,0
BRDA:27,0,1,0
BRDA:27,1,0,0
BRDA:27,1,1,0
BRDA:42,2,0,0
BRDA:42,2,1,0
BRDA:46,3,0,0
BRDA:46,3,1,0
BRF:8
BRH:0
end_of_record
TN:
SF:src/pdf/sections/IdentityCompact.jsx
FN:4,(anonymous_0)
FN:42,IdentityCompact
FNF:2
FNH:2
FNDA:1,(anonymous_0)
FNDA:1,IdentityCompact
DA:4,2
DA:5,1
DA:43,1
DA:44,1
DA:45,1
LF:5
LH:5
BRF:0
BRH:0
end_of_record
TN:
SF:src/pdf/sections/IdentityPhoto.jsx
FN:4,(anonymous_0)
FN:51,IdentityPhoto
FNF:2
FNH:2
FNDA:1,(anonymous_0)
FNDA:1,IdentityPhoto
DA:4,2
DA:5,1
DA:52,1
DA:53,1
DA:54,1
LF:5
LH:5
BRDA:62,0,0,1
BRDA:62,0,1,1
BRF:2
BRH:2
end_of_record
TN:
SF:src/pdf/sections/LanguagesSection.jsx
FN:5,(anonymous_0)
FN:23,LanguagesSection
FN:29,(anonymous_2)
FNF:3
FNH:3
FNDA:1,(anonymous_0)
FNDA:1,LanguagesSection
FNDA:3,(anonymous_2)
DA:5,2
DA:6,1
DA:24,1
DA:25,1
DA:26,1
DA:30,3
LF:6
LH:6
BRDA:25,0,0,0
BRDA:25,0,1,1
BRDA:32,1,0,3
BRDA:32,1,1,3
BRF:4
BRH:3
end_of_record
TN:
SF:src/pdf/sections/PublicationsSection.jsx
FN:5,(anonymous_0)
FN:23,PublicationsSection
FN:29,(anonymous_2)
FNF:3
FNH:3
FNDA:1,(anonymous_0)
FNDA:1,PublicationsSection
FNDA:2,(anonymous_2)
DA:5,2
DA:6,1
DA:24,1
DA:25,1
DA:26,1
DA:30,2
DA:31,2
LF:7
LH:7
BRDA:25,0,0,0
BRDA:25,0,1,1
BRDA:34,1,0,2
BRDA:34,1,1,2
BRF:4
BRH:3
end_of_record
TN:
SF:src/pdf/sections/RefereesSection.jsx
FN:5,(anonymous_0)
FN:31,Referee
FN:61,RefereesSection
FN:68,(anonymous_3)
FNF:4
FNH:4
FNDA:1,(anonymous_0)
FNDA:3,Referee
FNDA:1,RefereesSection
FNDA:3,(anonymous_3)
DA:5,2
DA:6,1
DA:32,3
DA:62,1
DA:63,1
DA:64,1
DA:69,3
LF:7
LH:7
BRDA:35,0,0,3
BRDA:35,0,1,3
BRDA:38,1,0,3
BRDA:38,1,1,0
BRDA:42,2,0,3
BRDA:42,2,1,3
BRDA:50,3,0,3
BRDA:50,3,1,3
BRDA:67,4,0,1
BRDA:67,4,1,0
BRDA:71,5,0,3
BRDA:71,5,1,2
BRF:12
BRH:10
end_of_record
TN:
SF:src/pdf/sections/SummarySection.jsx
FN:6,SummarySection
FNF:1
FNH:1
FNDA:1,SummarySection
DA:7,1
DA:8,1
DA:9,1
LF:3
LH:3
BRDA:8,0,0,0
BRDA:8,0,1,1
BRF:2
BRH:1
end_of_record
TN:
SF:src/pdf/sections/registry.js
FN:52,renderSlot
FN:53,(anonymous_1)
FNF:2
FNH:2
FNDA:12,renderSlot
FNDA:14,(anonymous_1)
DA:22,2
DA:53,12
DA:55,14
DA:56,1
DA:57,1
DA:61,13
DA:62,1
DA:71,12
DA:72,1
DA:81,11
DA:82,11
DA:83,0
DA:84,0
DA:86,11
LF:14
LH:12
BRDA:52,0,0,12
BRDA:55,1,0,1
BRDA:55,1,1,13
BRDA:61,2,0,1
BRDA:61,2,1,12
BRDA:65,3,0,1
BRDA:65,3,1,0
BRDA:71,4,0,1
BRDA:71,4,1,11
BRDA:75,5,0,1
BRDA:75,5,1,0
BRDA:82,6,0,0
BRDA:82,6,1,11
BRF:13
BRH:10
end_of_record
TN:
SF:src/pdf/templates/SingleColumnTemplate.jsx
FN:4,(anonymous_0)
FN:15,SingleColumnTemplate
FNF:2
FNH:0
FNDA:0,(anonymous_0)
FNDA:0,SingleColumnTemplate
DA:4,2
DA:5,0
DA:16,0
DA:17,0
LF:4
LH:1
BRF:0
BRH:0
end_of_record
TN:
SF:src/pdf/templates/TwoColumnTemplate.jsx
FN:4,(anonymous_0)
FN:59,TwoColumnTemplate
FNF:2
FNH:2
FNDA:2,(anonymous_0)
FNDA:2,TwoColumnTemplate
DA:4,2
DA:5,2
DA:6,2
DA:7,2
DA:9,2
DA:66,2
DA:67,2
LF:7
LH:7
BRDA:64,0,0,2
BRDA:72,1,0,1
BRDA:72,1,1,1
BRDA:73,2,0,1
BRDA:73,2,1,1
BRF:5
BRH:5
end_of_record
TN:
SF:src/pdf/themes/coral.js
FNF:0
FNH:0
DA:7,2
LF:1
LH:1
BRF:0
BRH:0
end_of_record
TN:
SF:src/pdf/themes/index.js
FN:32,discoverThemes
FN:36,(anonymous_1)
FN:49,(anonymous_2)
FNF:3
FNH:2
FNDA:2,discoverThemes
FNDA:4,(anonymous_1)
FNDA:0,(anonymous_2)
DA:12,2
DA:20,2
DA:30,2
DA:33,2
DA:35,1
DA:36,4
DA:38,1
DA:40,1
DA:41,3
DA:42,3
DA:44,0
DA:47,0
DA:49,0
DA:50,0
DA:51,0
DA:58,1
DA:59,1
DA:62,0
DA:63,0
DA:68,2
LF:20
LH:13
BRDA:33,0,0,1
BRDA:33,0,1,1
BRDA:36,1,0,4
BRDA:36,1,1,4
BRDA:42,2,0,3
BRDA:42,2,1,0
BRDA:49,3,0,0
BRDA:49,3,1,0
BRDA:49,3,2,0
BRDA:50,4,0,0
BRDA:50,4,1,0
BRF:11
BRH:5
end_of_record
TN:
SF:src/pdf/themes/mono.js
FNF:0
FNH:0
DA:7,3
LF:1
LH:1
BRF:0
BRH:0
end_of_record
TN:
SF:src/pdf/themes/teal.js
FNF:0
FNH:0
DA:6,7
LF:1
LH:1
BRF:0
BRH:0
end_of_record
