TN:
SF:bin/cvx.js
FN:61,(anonymous_0)
FN:63,init
FN:92,validate
FN:146,list
FN:148,(anonymous_4)
FN:156,(anonymous_5)
FN:162,(anonymous_6)
FN:194,(anonymous_7)
FN:199,(anonymous_8)
FN:204,(anonymous_9)
FN:209,(anonymous_10)
FN:231,mcpInit
FN:268,build
FN:276,(anonymous_13)
FN:309,buildAll
FN:398,main
FN:496,isRunAsMain
FNF:17
FNH:16
FNDA:43,(anonymous_0)
FNDA:22,init
FNDA:6,validate
FNDA:4,list
FNDA:12,(anonymous_4)
FNDA:8,(anonymous_5)
FNDA:1,(anonymous_6)
FNDA:6,(anonymous_7)
FNDA:1,(anonymous_8)
FNDA:1,(anonymous_9)
FNDA:3,(anonymous_10)
FNDA:14,mcpInit
FNDA:6,build
FNDA:0,(anonymous_13)
FNDA:5,buildAll
FNDA:18,main
FNDA:4,isRunAsMain
DA:33,1
DA:34,1
DA:36,1
DA:38,1
DA:61,43
DA:64,22
DA:65,22
DA:66,2
DA:67,1
DA:75,1
DA:76,2
DA:78,20
DA:79,20
DA:80,11
DA:82,9
DA:95,6
DA:96,6
DA:104,6
DA:105,3
DA:115,3
DA:116,3
DA:120,6
DA:121,2
DA:122,2
DA:124,3
DA:125,2
DA:126,2
DA:127,2
DA:128,2
DA:129,2
DA:134,3
DA:135,3
DA:136,3
DA:137,1
DA:139,2
DA:143,6
DA:147,4
DA:148,12
DA:153,4
DA:154,4
DA:155,4
DA:156,8
DA:161,4
DA:162,1
DA:163,1
DA:164,1
DA:165,1
DA:169,4
DA:174,4
DA:175,2
DA:176,1
DA:177,3
DA:179,2
DA:180,2
DA:181,2
DA:182,5
DA:191,1
DA:192,1
DA:194,6
DA:199,1
DA:204,1
DA:210,3
DA:211,1
DA:218,2
DA:219,1
DA:224,1
DA:232,14
DA:233,14
DA:234,3
DA:235,3
DA:236,2
DA:238,1
DA:241,3
DA:243,11
DA:246,11
DA:247,11
DA:248,4
DA:249,4
DA:251,2
DA:252,2
DA:253,2
DA:254,0
DA:255,2
DA:258,9
DA:259,9
DA:260,9
DA:261,9
DA:263,2
DA:269,6
DA:271,6
DA:272,6
DA:277,0
DA:278,0
DA:281,4
DA:282,4
DA:283,2
DA:294,2
DA:295,2
DA:310,5
DA:311,5
DA:312,5
DA:319,5
DA:320,2
DA:321,1
DA:333,1
DA:334,1
DA:335,1
DA:339,2
DA:342,3
DA:343,3
DA:344,3
DA:345,6
DA:347,6
DA:348,6
DA:353,6
DA:355,0
DA:356,0
DA:366,0
DA:369,0
DA:371,6
DA:372,0
DA:373,0
DA:379,0
DA:380,0
DA:382,6
DA:390,6
DA:391,2
DA:395,3
DA:399,18
DA:400,18
DA:401,18
DA:402,18
DA:415,18
DA:416,18
DA:418,18
DA:419,1
DA:420,17
DA:421,2
DA:422,15
DA:423,1
DA:424,14
DA:425,1
DA:426,13
DA:427,3
DA:428,3
DA:429,2
DA:430,1
DA:438,1
DA:439,2
DA:441,1
DA:442,10
DA:443,5
DA:444,1
DA:445,4
DA:446,1
DA:447,1
DA:449,3
DA:450,2
DA:458,1
DA:459,3
DA:461,5
DA:462,3
DA:463,2
DA:465,2
DA:466,1
DA:471,1
DA:472,2
DA:475,10
DA:476,10
DA:477,6
DA:485,4
DA:486,10
DA:497,4
DA:498,4
DA:503,1
LF:175
LH:164
BRDA:65,0,0,2
BRDA:65,0,1,20
BRDA:66,1,0,1
BRDA:66,1,1,1
BRDA:79,2,0,11
BRDA:79,2,1,9
BRDA:104,3,0,3
BRDA:104,3,1,3
BRDA:121,4,0,2
BRDA:121,4,1,0
BRDA:125,5,0,2
BRDA:125,5,1,0
BRDA:127,6,0,2
BRDA:127,6,1,0
BRDA:128,7,0,0
BRDA:128,7,1,2
BRDA:128,8,0,2
BRDA:128,8,1,2
BRDA:130,9,0,1
BRDA:130,9,1,1
BRDA:136,10,0,1
BRDA:136,10,1,2
BRDA:136,11,0,3
BRDA:136,11,1,1
BRDA:140,12,0,2
BRDA:140,12,1,0
BRDA:140,13,0,2
BRDA:140,13,1,0
BRDA:140,14,0,0
BRDA:140,14,1,2
BRDA:140,15,0,0
BRDA:140,15,1,2
BRDA:140,16,0,2
BRDA:140,16,1,1
BRDA:143,17,0,3
BRDA:143,17,1,3
BRDA:161,18,0,1
BRDA:161,18,1,3
BRDA:164,19,0,1
BRDA:164,19,1,0
BRDA:171,20,0,4
BRDA:171,20,1,2
BRDA:171,20,2,3
BRDA:172,21,0,4
BRDA:172,21,1,2
BRDA:172,21,2,3
BRDA:174,22,0,2
BRDA:174,22,1,2
BRDA:175,23,0,1
BRDA:175,23,1,1
BRDA:177,24,0,1
BRDA:177,24,1,2
BRDA:179,25,0,2
BRDA:179,25,1,0
BRDA:183,26,0,2
BRDA:183,26,1,3
BRDA:183,27,0,4
BRDA:183,27,1,1
BRDA:210,28,0,1
BRDA:210,28,1,2
BRDA:218,29,0,1
BRDA:218,29,1,1
BRDA:220,30,0,1
BRDA:220,30,1,0
BRDA:233,31,0,3
BRDA:233,31,1,11
BRDA:234,32,0,3
BRDA:234,32,1,1
BRDA:235,33,0,2
BRDA:235,33,1,1
BRDA:239,34,0,1
BRDA:239,34,1,1
BRDA:247,35,0,4
BRDA:247,35,1,7
BRDA:252,36,0,2
BRDA:252,36,1,0
BRDA:261,37,0,7
BRDA:261,37,1,2
BRDA:264,38,0,0
BRDA:264,38,1,2
BRDA:282,39,0,2
BRDA:282,39,1,2
BRDA:289,40,0,1
BRDA:289,40,1,1
BRDA:290,41,0,1
BRDA:290,41,1,1
BRDA:294,42,0,1
BRDA:294,42,1,1
BRDA:319,43,0,2
BRDA:319,43,1,3
BRDA:320,44,0,1
BRDA:320,44,1,1
BRDA:336,45,0,1
BRDA:336,45,1,0
BRDA:336,46,0,0
BRDA:336,46,1,1
BRDA:336,47,0,1
BRDA:336,47,1,1
BRDA:345,48,0,3
BRDA:345,48,1,3
BRDA:350,49,0,3
BRDA:350,49,1,3
BRDA:355,50,0,0
BRDA:355,50,1,0
BRDA:371,51,0,0
BRDA:371,51,1,6
BRDA:372,52,0,0
BRDA:372,52,1,0
BRDA:377,53,0,0
BRDA:377,53,1,0
BRDA:388,54,0,6
BRDA:388,54,1,0
BRDA:390,55,0,2
BRDA:390,55,1,4
BRDA:392,56,0,1
BRDA:392,56,1,1
BRDA:395,57,0,2
BRDA:395,57,1,1
BRDA:398,58,0,18
BRDA:415,59,0,18
BRDA:415,59,1,3
BRDA:418,60,0,1
BRDA:418,60,1,17
BRDA:420,61,0,2
BRDA:420,61,1,15
BRDA:420,62,0,17
BRDA:420,62,1,16
BRDA:422,63,0,1
BRDA:422,63,1,14
BRDA:424,64,0,1
BRDA:424,64,1,13
BRDA:426,65,0,3
BRDA:426,65,1,10
BRDA:428,66,0,2
BRDA:428,66,1,1
BRDA:428,67,0,3
BRDA:428,67,1,3
BRDA:429,68,0,1
BRDA:429,68,1,1
BRDA:442,69,0,5
BRDA:442,69,1,5
BRDA:443,70,0,1
BRDA:443,70,1,4
BRDA:445,71,0,1
BRDA:445,71,1,3
BRDA:449,72,0,2
BRDA:449,72,1,1
BRDA:461,73,0,3
BRDA:461,73,1,2
BRDA:462,74,0,1
BRDA:462,74,1,2
BRDA:465,75,0,1
BRDA:465,75,1,1
BRDA:475,76,0,2
BRDA:475,76,1,8
BRDA:476,77,0,6
BRDA:476,77,1,4
BRDA:481,78,0,1
BRDA:481,78,1,5
BRDA:499,79,0,4
BRDA:499,79,1,3
BRF:161
BRH:138
end_of_record
TN:
SF:src/mcp/server.js
FN:29,runMcpServer
FN:44,(anonymous_1)
FN:45,(anonymous_2)
FN:53,(anonymous_3)
FN:54,(anonymous_4)
FN:93,(anonymous_5)
FNF:6
FNH:6
FNDA:1,runMcpServer
FNDA:1,(anonymous_1)
FNDA:4,(anonymous_2)
FNDA:9,(anonymous_3)
FNDA:24,(anonymous_4)
FNDA:4,(anonymous_5)
DA:18,1
DA:30,1
DA:32,1
DA:44,1
DA:45,4
DA:53,1
DA:54,24
DA:55,9
DA:56,1
DA:69,8
DA:70,8
DA:71,7
DA:76,1
DA:91,1
DA:92,1
DA:93,4
LF:16
LH:16
BRDA:29,0,0,1
BRDA:55,1,0,1
BRDA:55,1,1,8
BRDA:70,2,0,8
BRDA:70,2,1,1
BRF:5
BRH:5
end_of_record
TN:
SF:src/mcp/tools.js
FN:21,(anonymous_0)
FN:22,(anonymous_1)
FN:25,resolveFontsDir
FN:30,getSchema
FN:32,(anonymous_4)
FN:40,(anonymous_5)
FN:46,(anonymous_6)
FN:55,initCv
FN:76,validateCv
FN:94,buildPdf
FN:103,(anonymous_10)
FNF:11
FNH:10
FNDA:33,(anonymous_0)
FNDA:29,(anonymous_1)
FNDA:12,resolveFontsDir
FNDA:4,getSchema
FNDA:12,(anonymous_4)
FNDA:8,(anonymous_5)
FNDA:5,(anonymous_6)
FNDA:13,initCv
FNDA:7,validateCv
FNDA:5,buildPdf
FNDA:0,(anonymous_10)
DA:19,3
DA:21,33
DA:22,29
DA:26,12
DA:27,12
DA:31,4
DA:32,12
DA:37,4
DA:38,4
DA:39,4
DA:40,8
DA:45,4
DA:46,5
DA:47,5
DA:48,5
DA:49,5
DA:52,4
DA:56,13
DA:57,13
DA:58,3
DA:63,10
DA:64,10
DA:79,7
DA:84,7
DA:98,5
DA:99,5
DA:103,0
DA:105,4
DA:106,4
DA:107,4
DA:123,3
LF:31
LH:30
BRDA:21,0,0,33
BRDA:21,0,1,2
BRDA:27,1,0,12
BRDA:27,1,1,0
BRDA:30,2,0,4
BRDA:45,3,0,3
BRDA:45,3,1,1
BRDA:48,4,0,1
BRDA:48,4,1,4
BRDA:55,5,0,13
BRDA:57,6,0,3
BRDA:57,6,1,10
BRDA:77,7,0,7
BRDA:77,8,0,7
BRDA:95,9,0,5
BRDA:95,10,0,5
BRDA:113,11,0,1
BRDA:113,11,1,3
BRDA:114,12,0,1
BRDA:114,12,1,3
BRF:20
BRH:19
end_of_record
TN:
SF:src/pdf/ATSDocument.jsx
FN:17,(anonymous_0)
FN:101,ATSContent
FN:115,(anonymous_2)
FN:117,(anonymous_3)
FN:145,(anonymous_4)
FN:159,(anonymous_5)
FN:173,(anonymous_6)
FN:185,(anonymous_7)
FN:201,(anonymous_8)
FN:218,(anonymous_9)
FN:234,(anonymous_10)
FN:260,(anonymous_11)
FN:270,(anonymous_12)
FN:284,(anonymous_13)
FN:311,ATSDocument
FNF:15
FNH:15
FNDA:4,(anonymous_0)
FNDA:4,ATSContent
FNDA:4,(anonymous_2)
FNDA:4,(anonymous_3)
FNDA:12,(anonymous_4)
FNDA:11,(anonymous_5)
FNDA:8,(anonymous_6)
FNDA:39,(anonymous_7)
FNDA:10,(anonymous_8)
FNDA:6,(anonymous_9)
FNDA:6,(anonymous_10)
FNDA:8,(anonymous_11)
FNDA:15,(anonymous_12)
FNDA:9,(anonymous_13)
FNDA:4,ATSDocument
DA:14,4
DA:17,4
DA:18,4
DA:114,4
DA:115,4
DA:117,4
DA:118,4
DA:126,4
DA:147,12
DA:160,11
DA:175,8
DA:187,39
DA:202,10
DA:219,6
DA:235,6
DA:260,8
DA:272,15
DA:285,9
DA:328,4
DA:331,4
DA:333,4
LF:21
LH:21
BRDA:117,0,0,4
BRDA:117,0,1,1
BRDA:117,1,0,3
BRDA:117,1,1,1
BRDA:134,2,0,3
BRDA:134,2,1,1
BRDA:138,3,0,4
BRDA:138,3,1,2
BRDA:142,4,0,4
BRDA:142,4,1,3
BRDA:149,5,0,11
BRDA:149,5,1,1
BRDA:156,6,0,4
BRDA:156,6,1,3
BRDA:161,7,0,11
BRDA:161,7,1,8
BRDA:167,8,0,11
BRDA:167,8,1,7
BRDA:169,9,0,11
BRDA:169,9,1,3
BRDA:189,10,0,36
BRDA:189,10,1,3
BRDA:198,11,0,4
BRDA:198,11,1,3
BRDA:203,12,0,10
BRDA:203,12,1,7
BRDA:207,13,0,9
BRDA:207,13,1,1
BRDA:215,14,0,4
BRDA:215,14,1,3
BRDA:220,15,0,6
BRDA:220,15,1,3
BRDA:222,16,0,6
BRDA:222,16,1,1
BRDA:222,16,2,5
BRDA:231,17,0,4
BRDA:231,17,1,3
BRDA:236,18,0,6
BRDA:236,18,1,3
BRDA:238,19,0,6
BRDA:238,19,1,1
BRDA:238,19,2,5
BRDA:247,20,0,4
BRDA:247,20,1,3
BRDA:255,21,0,4
BRDA:255,21,1,3
BRDA:260,22,0,7
BRDA:260,22,1,1
BRDA:267,23,0,4
BRDA:267,23,1,3
BRDA:281,24,0,4
BRDA:281,24,1,3
BRDA:286,25,0,9
BRDA:286,25,1,6
BRDA:288,26,0,9
BRDA:288,26,1,8
BRDA:291,27,0,7
BRDA:291,27,1,1
BRDA:294,28,0,9
BRDA:294,28,1,7
BRDA:295,29,0,9
BRDA:295,29,1,7
BRDA:328,30,0,4
BRDA:328,30,1,4
BRDA:338,31,0,4
BRDA:338,31,1,0
BRF:66
BRH:65
end_of_record
TN:
SF:src/pdf/CVDocument.jsx
FN:84,buildSidebar
FN:85,(anonymous_1)
FN:86,(anonymous_2)
FN:108,(anonymous_3)
FN:131,TwoColumnDocument
FN:145,contLayout
FN:169,(anonymous_6)
FN:196,SingleColumnDocument
FN:215,CVDocument
FNF:9
FNH:9
FNDA:29,buildSidebar
FNDA:148,(anonymous_1)
FNDA:148,(anonymous_2)
FNDA:121,(anonymous_3)
FNDA:12,TwoColumnDocument
FNDA:17,contLayout
FNDA:17,(anonymous_6)
FNDA:2,SingleColumnDocument
FNDA:14,CVDocument
DA:22,6
DA:45,6
DA:64,6
DA:72,6
DA:85,148
DA:86,148
DA:87,29
DA:89,29
DA:95,29
DA:109,121
DA:132,12
DA:142,12
DA:146,17
DA:147,17
DA:148,17
DA:149,17
DA:152,17
DA:153,6
DA:154,6
DA:156,11
DA:157,9
DA:160,12
DA:170,17
DA:173,17
DA:174,17
DA:197,2
DA:234,14
DA:236,14
DA:239,14
DA:241,14
DA:246,14
DA:260,14
DA:263,14
DA:265,14
LF:34
LH:34
BRDA:98,0,0,29
BRDA:98,0,1,29
BRDA:110,1,0,121
BRDA:110,1,1,92
BRDA:152,2,0,6
BRDA:152,2,1,11
BRDA:152,3,0,17
BRDA:152,3,1,8
BRDA:152,3,2,6
BRDA:152,3,3,6
BRDA:153,4,0,6
BRDA:153,4,1,0
BRDA:153,5,0,6
BRDA:153,5,1,0
BRDA:154,6,0,6
BRDA:154,6,1,0
BRDA:156,7,0,2
BRDA:156,7,1,9
BRDA:156,8,0,11
BRDA:156,8,1,2
BRDA:234,9,0,14
BRDA:234,9,1,2
BRDA:236,10,0,14
BRDA:236,10,1,7
BRDA:236,10,2,1
BRDA:239,11,0,14
BRDA:239,11,1,1
BRDA:239,11,2,0
BRDA:242,12,0,14
BRDA:242,12,1,11
BRDA:243,13,0,14
BRDA:243,13,1,13
BRDA:260,14,0,14
BRDA:260,14,1,1
BRDA:270,15,0,14
BRDA:270,15,1,5
BRDA:277,16,0,2
BRDA:277,16,1,12
BRF:38
BRH:34
end_of_record
TN:
SF:src/pdf/ThemeContext.jsx
FN:6,useTheme
FN:18,useStyles
FN:20,(anonymous_2)
FNF:3
FNH:3
FNDA:488,useTheme
FNDA:472,useStyles
FNDA:472,(anonymous_2)
DA:4,6
DA:7,488
DA:19,472
DA:20,472
LF:4
LH:4
BRF:0
BRH:0
end_of_record
TN:
SF:src/pdf/fonts.js
FN:11,registerFonts
FN:30,(anonymous_1)
FNF:2
FNH:2
FNDA:20,registerFonts
FNDA:18353,(anonymous_1)
DA:15,20
DA:16,20
DA:30,18353
LF:3
LH:3
BRF:0
BRH:0
end_of_record
TN:
SF:src/pdf/keywords.js
FN:16,(anonymous_0)
FN:21,(anonymous_1)
FN:31,toList
FN:35,(anonymous_3)
FN:55,deriveFromContent
FN:77,dedupe
FN:97,buildKeywords
FNF:7
FNH:7
FNDA:655,(anonymous_0)
FNDA:327,(anonymous_1)
FNDA:56,toList
FNDA:206,(anonymous_3)
FNDA:24,deriveFromContent
FNDA:32,dedupe
FNDA:33,buildKeywords
DA:16,655
DA:21,7
DA:22,327
DA:32,56
DA:33,31
DA:34,29
DA:36,206
DA:37,7
DA:38,2
DA:43,2
DA:44,1
DA:46,1
DA:62,24
DA:64,24
DA:66,24
DA:67,24
DA:68,72
DA:69,72
DA:70,28
DA:73,24
DA:78,32
DA:79,32
DA:80,32
DA:81,327
DA:82,327
DA:83,288
DA:84,288
DA:87,32
DA:98,33
DA:99,33
DA:101,32
DA:102,32
DA:107,33
DA:109,33
DA:110,33
LF:35
LH:35
BRDA:16,0,0,655
BRDA:16,0,1,0
BRDA:32,1,0,25
BRDA:32,1,1,31
BRDA:33,2,0,29
BRDA:33,2,1,2
BRDA:36,3,0,199
BRDA:36,3,1,7
BRDA:37,4,0,5
BRDA:37,4,1,2
BRDA:37,5,0,7
BRDA:37,5,1,6
BRDA:43,6,0,1
BRDA:43,6,1,1
BRDA:46,7,0,1
BRDA:46,7,1,0
BRDA:64,8,0,15
BRDA:64,8,1,9
BRDA:66,9,0,20
BRDA:66,9,1,4
BRDA:68,10,0,72
BRDA:68,10,1,0
BRDA:69,11,0,72
BRDA:69,11,1,61
BRDA:70,12,0,28
BRDA:70,12,1,0
BRDA:82,13,0,288
BRDA:82,13,1,39
BRDA:82,14,0,327
BRDA:82,14,1,327
BRDA:97,15,0,33
BRDA:97,16,0,33
BRDA:98,17,0,33
BRDA:98,17,1,13
BRDA:99,18,0,1
BRDA:99,18,1,32
BRDA:102,19,0,8
BRDA:102,19,1,24
BRDA:109,20,0,4
BRDA:109,20,1,28
BRDA:109,21,0,33
BRDA:109,21,1,4
BRF:42
BRH:38
end_of_record
TN:
SF:src/pdf/layout.js
FN:31,deriveMetrics
FN:83,lh
FN:106,quantize
FN:119,lineCount
FN:130,countLines
FN:142,calcTitleH
FN:151,calcDividerH
FN:164,summaryH
FN:180,entryH
FN:242,resolveFirstSidebar
FN:249,(anonymous_10)
FN:300,estimatePage1Overflow
FN:311,(anonymous_12)
FN:319,(anonymous_13)
FN:340,packExperiences
FNF:15
FNH:15
FNDA:64,deriveMetrics
FNDA:2056,lh
FNDA:531,quantize
FNDA:1113,lineCount
FNDA:1452,countLines
FNDA:116,calcTitleH
FNDA:59,calcDividerH
FNDA:55,summaryH
FNDA:240,entryH
FNDA:18,resolveFirstSidebar
FNDA:34,(anonymous_10)
FNDA:21,estimatePage1Overflow
FNDA:16,(anonymous_12)
FNDA:16,(anonymous_13)
FNDA:51,packExperiences
DA:32,64
DA:33,64
DA:34,64
DA:35,64
DA:36,64
DA:38,64
DA:39,64
DA:40,64
DA:42,64
DA:84,2056
DA:107,531
DA:125,1113
DA:126,1113
DA:138,1452
DA:139,1069
DA:143,116
DA:152,59
DA:158,13
DA:162,13
DA:169,55
DA:170,55
DA:171,183
DA:172,183
DA:176,55
DA:177,55
DA:185,240
DA:186,5
DA:187,5
DA:188,5
DA:189,4
DA:190,4
DA:191,8
DA:192,8
DA:196,4
DA:198,5
DA:199,5
DA:202,235
DA:203,235
DA:204,235
DA:205,235
DA:206,235
DA:207,195
DA:208,195
DA:210,235
DA:211,11
DA:212,11
DA:214,235
DA:215,240
DA:216,234
DA:217,234
DA:218,1066
DA:219,1066
DA:223,234
DA:225,235
DA:226,235
DA:246,18
DA:247,18
DA:249,7
DA:250,34
DA:253,18
DA:284,13
DA:307,21
DA:308,21
DA:310,10
DA:311,10
DA:312,16
DA:313,16
DA:314,2
DA:315,14
DA:318,10
DA:319,10
DA:320,16
DA:324,10
DA:333,21
DA:347,51
DA:348,51
DA:350,51
DA:351,51
DA:352,51
DA:355,51
DA:356,7
DA:357,7
DA:359,7
DA:360,7
DA:361,7
DA:365,7
DA:367,7
DA:368,1
DA:369,6
DA:370,3
DA:371,3
DA:373,3
DA:376,7
DA:377,7
DA:378,7
DA:379,7
DA:380,6
DA:381,6
DA:382,6
DA:383,13
DA:384,13
DA:385,13
DA:386,12
DA:387,12
DA:389,6
DA:390,6
DA:391,6
DA:394,7
DA:398,44
DA:400,44
DA:402,44
DA:403,44
DA:404,44
DA:406,44
DA:407,106
DA:408,106
DA:409,106
DA:410,207
DA:411,207
DA:412,207
DA:413,145
DA:414,145
DA:416,106
DA:417,106
DA:418,106
DA:419,106
DA:422,44
LF:127
LH:127
BRDA:32,0,0,64
BRDA:32,0,1,9
BRDA:138,1,0,383
BRDA:138,1,1,1069
BRDA:167,2,0,55
BRDA:171,3,0,181
BRDA:171,3,1,2
BRDA:183,4,0,240
BRDA:185,5,0,5
BRDA:185,5,1,235
BRDA:187,6,0,5
BRDA:187,6,1,0
BRDA:187,7,0,5
BRDA:187,7,1,1
BRDA:188,8,0,4
BRDA:188,8,1,1
BRDA:191,9,0,6
BRDA:191,9,1,2
BRDA:205,10,0,2
BRDA:205,10,1,233
BRDA:206,11,0,195
BRDA:206,11,1,40
BRDA:210,12,0,11
BRDA:210,12,1,224
BRDA:214,13,0,235
BRDA:214,13,1,1
BRDA:214,14,0,240
BRDA:214,14,1,235
BRDA:215,15,0,234
BRDA:215,15,1,6
BRDA:218,16,0,1064
BRDA:218,16,1,2
BRDA:246,17,0,18
BRDA:246,17,1,2
BRDA:247,18,0,11
BRDA:247,18,1,7
BRDA:249,19,0,7
BRDA:249,19,1,2
BRDA:249,20,0,18
BRDA:249,20,1,2
BRDA:303,21,0,21
BRDA:304,22,0,21
BRDA:305,23,0,21
BRDA:308,24,0,11
BRDA:308,24,1,10
BRDA:313,25,0,2
BRDA:313,25,1,14
BRDA:313,26,0,16
BRDA:313,26,1,6
BRDA:313,26,2,2
BRDA:313,27,0,2
BRDA:313,27,1,0
BRDA:320,28,0,8
BRDA:320,28,1,8
BRDA:328,29,0,10
BRDA:328,29,1,0
BRDA:343,30,0,51
BRDA:344,31,0,51
BRDA:345,32,0,51
BRDA:355,33,0,7
BRDA:355,33,1,44
BRDA:357,34,0,7
BRDA:357,34,1,4
BRDA:367,35,0,1
BRDA:367,35,1,6
BRDA:369,36,0,3
BRDA:369,36,1,3
BRDA:369,37,0,6
BRDA:369,37,1,3
BRDA:369,38,0,3
BRDA:369,38,1,0
BRDA:384,39,0,7
BRDA:384,39,1,6
BRDA:385,40,0,1
BRDA:385,40,1,12
BRDA:385,41,0,13
BRDA:385,41,1,7
BRDA:389,42,0,0
BRDA:389,42,1,6
BRDA:411,43,0,101
BRDA:411,43,1,106
BRDA:412,44,0,62
BRDA:412,44,1,145
BRDA:412,45,0,207
BRDA:412,45,1,101
BRDA:416,46,0,0
BRDA:416,46,1,106
BRDA:423,47,0,44
BRDA:423,47,1,0
BRF:89
BRH:82
end_of_record
TN:
SF:src/pdf/loadContent.js
FN:28,loadContent
FN:29,(anonymous_1)
FN:56,(anonymous_2)
FNF:3
FNH:3
FNDA:26,loadContent
FNDA:187,(anonymous_1)
FNDA:12,(anonymous_2)
DA:29,187
DA:32,26
DA:34,26
DA:36,26
DA:37,148
DA:40,148
DA:42,148
DA:43,16
DA:45,132
DA:53,26
DA:54,26
DA:55,26
DA:56,12
DA:57,10
DA:58,10
DA:61,26
LF:16
LH:16
BRDA:42,0,0,16
BRDA:42,0,1,132
BRDA:55,1,0,10
BRDA:55,1,1,16
BRDA:58,2,0,9
BRDA:58,2,1,1
BRF:6
BRH:6
end_of_record
TN:
SF:src/pdf/loadLayout.js
FN:14,normalizeItem
FN:44,normalizeSlot
FN:52,normalizePage
FN:69,normalizeLayout
FNF:4
FNH:4
FNDA:152,normalizeItem
FNDA:46,normalizeSlot
FNDA:30,normalizePage
FNDA:16,normalizeLayout
DA:15,152
DA:17,15
DA:18,14
DA:19,14
DA:20,13
DA:21,13
DA:24,13
DA:25,7
DA:29,6
DA:30,4
DA:34,2
DA:38,2
DA:45,46
DA:46,45
DA:53,30
DA:54,30
DA:55,30
DA:56,30
DA:57,30
DA:71,16
DA:75,16
DA:76,16
DA:77,16
DA:78,16
DA:80,16
LF:25
LH:25
BRDA:15,0,0,137
BRDA:15,0,1,15
BRDA:17,1,0,14
BRDA:17,1,1,1
BRDA:17,2,0,15
BRDA:17,2,1,14
BRDA:19,3,0,13
BRDA:19,3,1,1
BRDA:24,4,0,7
BRDA:24,4,1,6
BRDA:24,5,0,13
BRDA:24,5,1,7
BRDA:29,6,0,4
BRDA:29,6,1,2
BRDA:29,7,0,6
BRDA:29,7,1,6
BRDA:45,8,0,1
BRDA:45,8,1,45
BRDA:53,9,0,0
BRDA:53,9,1,30
BRDA:55,10,0,19
BRDA:55,10,1,11
BRDA:56,11,0,27
BRDA:56,11,1,3
BRDA:72,12,0,16
BRDA:72,12,1,3
BRDA:75,13,0,16
BRDA:75,13,1,1
BRDA:76,14,0,16
BRDA:76,14,1,0
BRDA:77,15,0,8
BRDA:77,15,1,8
BRDA:78,16,0,6
BRDA:78,16,1,10
BRF:34
BRH:32
end_of_record
TN:
SF:src/pdf/measure.js
FN:36,fontFileFor
FN:44,nearestWeightBucket
FN:46,(anonymous_2)
FN:55,isSkippableCodePoint
FN:73,createMeasurer
FN:77,fontFor
FN:84,widthOf
FN:109,lineCount
FN:147,unsupportedChars
FN:178,findUnsupportedGlyphs
FN:186,walk
FN:198,(anonymous_11)
FN:216,describeUnsupportedGlyphFinding
FNF:13
FNH:13
FNDA:4785,fontFileFor
FNDA:4785,nearestWeightBucket
FNDA:23925,(anonymous_2)
FNDA:123626,isSkippableCodePoint
FNDA:68,createMeasurer
FNDA:4785,fontFor
FNDA:7564,widthOf
FNDA:435,lineCount
FNDA:2783,unsupportedChars
FNDA:61,findUnsupportedGlyphs
FNDA:3897,walk
FNDA:1411,(anonymous_11)
FNDA:4,describeUnsupportedGlyphFinding
DA:37,4785
DA:38,4785
DA:39,4785
DA:40,4770
DA:43,9
DA:45,4785
DA:46,4785
DA:47,23925
DA:56,123626
DA:74,68
DA:75,68
DA:78,4785
DA:79,4785
DA:80,4785
DA:89,7564
DA:90,7564
DA:91,7564
DA:92,7564
DA:93,2003
DA:94,2003
DA:95,2003
DA:96,2003
DA:97,2003
DA:115,435
DA:116,433
DA:117,433
DA:119,432
DA:120,432
DA:121,432
DA:122,432
DA:123,7125
DA:124,7125
DA:125,432
DA:126,432
DA:128,6693
DA:129,6693
DA:130,437
DA:131,437
DA:133,6256
DA:136,432
DA:148,2783
DA:149,2782
DA:150,2782
DA:151,2782
DA:152,123626
DA:153,123626
DA:154,123621
DA:156,2782
DA:159,68
DA:184,61
DA:191,3897
DA:192,3896
DA:193,2772
DA:194,2772
DA:195,2772
DA:197,1124
DA:198,425
DA:199,1411
DA:201,425
DA:203,699
DA:204,2168
DA:208,61
DA:209,358
DA:210,318
DA:212,61
DA:217,4
DA:218,4
DA:219,4
LF:68
LH:68
BRDA:38,0,0,0
BRDA:38,0,1,4785
BRDA:38,1,0,0
BRDA:38,1,1,0
BRDA:39,2,0,15
BRDA:39,2,1,4770
BRDA:39,3,0,0
BRDA:39,3,1,15
BRDA:40,4,0,271
BRDA:40,4,1,4499
BRDA:45,5,0,0
BRDA:45,5,1,4785
BRDA:47,6,0,35
BRDA:47,6,1,23890
BRDA:56,7,0,123626
BRDA:56,7,1,123624
BRDA:56,7,2,419
BRDA:56,7,3,123621
BRDA:79,8,0,77
BRDA:79,8,1,4708
BRDA:87,9,0,7564
BRDA:87,10,0,7564
BRDA:87,11,0,7564
BRDA:89,12,0,0
BRDA:89,12,1,7564
BRDA:92,13,0,5561
BRDA:92,13,1,2003
BRDA:113,14,0,435
BRDA:115,15,0,2
BRDA:115,15,1,433
BRDA:117,16,0,1
BRDA:117,16,1,432
BRDA:124,17,0,432
BRDA:124,17,1,6693
BRDA:129,18,0,437
BRDA:129,18,1,6256
BRDA:148,19,0,1
BRDA:148,19,1,2782
BRDA:153,20,0,5
BRDA:153,20,1,123621
BRDA:154,21,0,78
BRDA:154,21,1,123543
BRDA:181,22,0,61
BRDA:181,23,0,61
BRDA:191,24,0,1
BRDA:191,24,1,3896
BRDA:192,25,0,2772
BRDA:192,25,1,1124
BRDA:194,26,0,5
BRDA:194,26,1,2767
BRDA:194,27,0,5
BRDA:194,27,1,0
BRDA:197,28,0,425
BRDA:197,28,1,699
BRDA:203,29,0,697
BRDA:203,29,1,2
BRDA:209,30,0,40
BRDA:209,30,1,318
BRDA:218,31,0,2
BRDA:218,31,1,2
BRF:60
BRH:53
end_of_record
TN:
SF:src/pdf/normalizeContent.js
FN:47,normalizeContent
FNF:1
FNH:1
FNDA:1987,normalizeContent
DA:48,1987
DA:49,575
DA:50,378
DA:52,338
DA:53,1072
DA:54,338
DA:56,40
LF:7
LH:7
BRDA:48,0,0,1412
BRDA:48,0,1,575
BRDA:49,1,0,197
BRDA:49,1,1,378
BRDA:50,2,0,338
BRDA:50,2,1,40
BRDA:50,3,0,378
BRDA:50,3,1,378
BRF:8
BRH:8
end_of_record
TN:
SF:src/pdf/profilePhoto.js
FN:18,pickProfilePhoto
FN:20,(anonymous_1)
FNF:2
FNH:2
FNDA:17,pickProfilePhoto
FNDA:30,(anonymous_1)
DA:9,9
DA:19,17
DA:20,36
DA:21,36
DA:23,4
LF:5
LH:5
BRDA:18,0,0,17
BRDA:21,1,0,13
BRDA:21,1,1,23
BRF:3
BRH:3
end_of_record
TN:
SF:src/pdf/render.js
FN:28,discoverLayouts
FN:32,(anonymous_1)
FN:42,deriveFilename
FN:54,tryCreateMeasurer
FN:69,warnAboutUnsupportedGlyphs
FN:96,renderCV
FNF:6
FNH:6
FNDA:16,discoverLayouts
FNDA:12,(anonymous_1)
FNDA:17,deriveFilename
FNDA:18,tryCreateMeasurer
FNDA:18,warnAboutUnsupportedGlyphs
FNDA:20,renderCV
DA:30,16
DA:31,16
DA:32,12
DA:33,12
DA:39,7
DA:43,17
DA:44,17
DA:58,18
DA:59,18
DA:61,0
DA:64,0
DA:74,18
DA:75,18
DA:76,1
DA:77,1
DA:103,20
DA:104,2
DA:107,18
DA:108,18
DA:109,18
DA:115,18
DA:116,18
DA:118,18
DA:119,4
DA:132,4
DA:140,14
DA:141,14
DA:142,14
DA:143,20
DA:145,20
DA:146,20
DA:148,20
DA:149,1
DA:151,13
DA:152,7
DA:157,13
DA:164,20
DA:165,1
DA:173,13
DA:189,13
DA:190,20
LF:41
LH:39
BRDA:31,0,0,9
BRDA:31,0,1,7
BRDA:43,1,0,17
BRDA:43,1,1,0
BRDA:74,2,0,0
BRDA:74,2,1,18
BRDA:76,3,0,0
BRDA:76,3,1,1
BRDA:99,4,0,20
BRDA:100,5,0,20
BRDA:101,6,0,20
BRDA:103,7,0,2
BRDA:103,7,1,18
BRDA:118,8,0,4
BRDA:118,8,1,14
BRDA:142,9,0,14
BRDA:142,9,1,3
BRDA:143,10,0,20
BRDA:143,10,1,2
BRDA:146,11,0,20
BRDA:146,11,1,8
BRDA:148,12,0,1
BRDA:148,12,1,19
BRDA:151,13,0,7
BRDA:151,13,1,6
BRDA:151,14,0,13
BRDA:151,14,1,13
BRDA:158,15,0,13
BRDA:158,15,1,0
BRDA:159,16,0,20
BRDA:159,16,1,1
BRDA:164,17,0,1
BRDA:164,17,1,19
BRDA:189,18,0,2
BRDA:189,18,1,11
BRF:35
BRH:31
end_of_record
TN:
SF:src/pdf/reproducible.js
FN:38,resolveCreationDate
FN:59,seedMathRandom
FN:61,mulberry32
FN:75,makeDeflateSynchronous
FN:80,value
FN:87,(anonymous_5)
FN:91,(anonymous_6)
FN:109,setupReproducibility
FN:135,verifyPatchPoints
FNF:9
FNH:9
FNDA:28,resolveCreationDate
FNDA:4,seedMathRandom
FNDA:1006,mulberry32
FNDA:2,makeDeflateSynchronous
FNDA:2,value
FNDA:1,(anonymous_5)
FNDA:1,(anonymous_6)
FNDA:20,setupReproducibility
FNDA:2,verifyPatchPoints
DA:29,5
DA:30,5
DA:39,28
DA:40,28
DA:42,6
DA:43,6
DA:44,3
DA:47,3
DA:50,3
DA:60,4
DA:61,4
DA:62,1006
DA:63,1006
DA:64,1006
DA:65,1006
DA:78,2
DA:82,1
DA:85,1
DA:87,1
DA:88,1
DA:89,1
DA:91,1
DA:92,1
DA:93,1
DA:94,1
DA:96,1
DA:110,20
DA:111,20
DA:112,1
DA:113,0
DA:119,1
DA:120,1
DA:122,20
DA:136,2
DA:138,2
DA:139,2
DA:140,2
DA:142,0
DA:144,2
DA:145,2
DA:147,0
LF:41
LH:38
BRDA:38,0,0,28
BRDA:40,1,0,22
BRDA:40,1,1,6
BRDA:40,2,0,28
BRDA:40,2,1,7
BRDA:43,3,0,3
BRDA:43,3,1,3
BRDA:43,4,0,6
BRDA:43,4,1,4
BRDA:92,5,0,1
BRDA:92,5,1,0
BRDA:109,6,0,20
BRDA:111,7,0,1
BRDA:111,7,1,19
BRDA:112,8,0,0
BRDA:112,8,1,1
BRDA:145,9,0,2
BRDA:145,9,1,2
BRF:18
BRH:16
end_of_record
TN:
SF:src/pdf/validateContent.js
FN:55,getValidator
FN:68,levenshtein
FN:69,(anonymous_2)
FN:81,didYouMean
FN:94,(anonymous_4)
FN:104,mapAjvErrors
FN:105,(anonymous_6)
FN:105,(anonymous_7)
FN:111,(anonymous_8)
FN:117,(anonymous_9)
FN:155,(anonymous_10)
FN:203,(anonymous_11)
FN:206,(anonymous_12)
FN:208,(anonymous_13)
FN:228,validateContent
FN:242,(anonymous_15)
FN:268,(anonymous_16)
FN:299,(anonymous_17)
FN:388,(anonymous_18)
FN:389,(anonymous_19)
FN:433,(anonymous_20)
FN:434,(anonymous_21)
FN:439,(anonymous_22)
FNF:23
FNH:23
FNDA:471,getValidator
FNDA:145,levenshtein
FNDA:1167,(anonymous_2)
FNDA:18,didYouMean
FNDA:2,(anonymous_4)
FNDA:21,mapAjvErrors
FNDA:28,(anonymous_6)
FNDA:2,(anonymous_7)
FNDA:6,(anonymous_8)
FNDA:8,(anonymous_9)
FNDA:5,(anonymous_10)
FNDA:26,(anonymous_11)
FNDA:2,(anonymous_12)
FNDA:24,(anonymous_13)
FNDA:57,validateContent
FNDA:55,(anonymous_15)
FNDA:495,(anonymous_16)
FNDA:81,(anonymous_17)
FNDA:50,(anonymous_18)
FNDA:50,(anonymous_19)
FNDA:29,(anonymous_20)
FNDA:29,(anonymous_21)
FNDA:7,(anonymous_22)
DA:29,5
DA:31,5
DA:39,5
DA:42,5
DA:56,471
DA:57,5
DA:58,5
DA:59,5
DA:61,471
DA:62,468
DA:69,1167
DA:70,1173
DA:71,145
DA:72,1022
DA:73,8637
DA:78,145
DA:82,18
DA:83,18
DA:84,18
DA:85,145
DA:86,145
DA:87,27
DA:88,27
DA:91,18
DA:94,5
DA:95,2
DA:105,28
DA:107,21
DA:108,21
DA:110,21
DA:111,28
DA:112,28
DA:114,4
DA:119,8
DA:122,4
DA:127,2
DA:132,26
DA:134,4
DA:138,4
DA:140,7
DA:141,7
DA:142,7
DA:148,7
DA:151,5
DA:152,5
DA:155,5
DA:156,5
DA:157,5
DA:162,5
DA:165,1
DA:169,1
DA:171,2
DA:172,2
DA:176,2
DA:179,4
DA:183,4
DA:185,2
DA:186,2
DA:188,1
DA:189,1
DA:191,0
DA:193,26
DA:194,26
DA:195,26
DA:196,26
DA:197,26
DA:202,21
DA:205,26
DA:206,2
DA:208,24
DA:236,57
DA:238,57
DA:240,57
DA:241,57
DA:242,57
DA:246,55
DA:256,57
DA:257,4
DA:261,4
DA:264,53
DA:265,53
DA:267,53
DA:268,495
DA:270,53
DA:271,375
DA:272,375
DA:273,375
DA:274,2
DA:278,2
DA:281,373
DA:282,373
DA:284,4
DA:290,4
DA:292,369
DA:293,369
DA:295,368
DA:296,368
DA:297,3
DA:301,81
DA:313,3
DA:317,3
DA:319,365
DA:320,19
DA:321,22
DA:322,22
DA:328,53
DA:329,159
DA:330,7
DA:345,53
DA:346,57
DA:347,6
DA:348,6
DA:355,6
DA:356,3
DA:373,53
DA:374,40
DA:375,2
DA:385,53
DA:386,53
DA:388,50
DA:389,50
DA:391,57
DA:395,2
DA:405,53
DA:406,50
DA:407,50
DA:409,50
DA:410,50
DA:412,0
DA:418,0
DA:420,50
DA:421,50
DA:422,50
DA:423,2
DA:424,2
DA:425,2
DA:431,53
DA:432,53
DA:433,29
DA:434,26
DA:435,29
DA:436,29
DA:438,26
DA:439,7
DA:440,4
DA:449,53
LF:146
LH:143
BRDA:29,0,0,5
BRDA:29,0,1,0
BRDA:56,1,0,5
BRDA:56,1,1,466
BRDA:61,2,0,3
BRDA:61,2,1,468
BRDA:63,3,0,468
BRDA:63,3,1,0
BRDA:76,4,0,660
BRDA:76,4,1,7977
BRDA:86,5,0,27
BRDA:86,5,1,118
BRDA:91,6,0,14
BRDA:91,6,1,4
BRDA:95,7,0,0
BRDA:95,7,1,2
BRDA:95,8,0,0
BRDA:95,8,1,2
BRDA:112,9,0,4
BRDA:112,9,1,24
BRDA:112,10,0,28
BRDA:112,10,1,6
BRDA:119,11,0,0
BRDA:119,11,1,8
BRDA:122,12,0,2
BRDA:122,12,1,2
BRDA:123,13,0,4
BRDA:123,13,1,3
BRDA:123,13,2,2
BRDA:132,14,0,4
BRDA:132,14,1,7
BRDA:132,14,2,5
BRDA:132,14,3,1
BRDA:132,14,4,2
BRDA:132,14,5,4
BRDA:132,14,6,2
BRDA:132,14,7,1
BRDA:132,14,8,0
BRDA:135,15,0,4
BRDA:135,15,1,2
BRDA:141,16,0,7
BRDA:141,16,1,0
BRDA:143,17,0,7
BRDA:143,17,1,7
BRDA:145,18,0,7
BRDA:145,18,1,0
BRDA:156,19,0,5
BRDA:156,19,1,0
BRDA:158,20,0,5
BRDA:158,20,1,0
BRDA:160,21,0,3
BRDA:160,21,1,2
BRDA:166,22,0,1
BRDA:166,22,1,0
BRDA:171,23,0,2
BRDA:171,23,1,0
BRDA:173,24,0,2
BRDA:173,24,1,0
BRDA:174,25,0,2
BRDA:174,25,1,0
BRDA:180,26,0,4
BRDA:180,26,1,3
BRDA:185,27,0,2
BRDA:185,27,1,0
BRDA:188,28,0,1
BRDA:188,28,1,0
BRDA:191,29,0,0
BRDA:191,29,1,0
BRDA:195,30,0,26
BRDA:195,30,1,0
BRDA:205,31,0,26
BRDA:205,31,1,2
BRDA:206,32,0,2
BRDA:206,32,1,2
BRDA:206,32,2,1
BRDA:229,33,0,57
BRDA:231,34,0,57
BRDA:241,35,0,42
BRDA:241,35,1,15
BRDA:241,36,0,57
BRDA:241,36,1,42
BRDA:248,37,0,35
BRDA:248,37,1,20
BRDA:251,38,0,55
BRDA:251,38,1,20
BRDA:253,39,0,36
BRDA:253,39,1,19
BRDA:256,40,0,4
BRDA:256,40,1,53
BRDA:268,41,0,495
BRDA:268,41,1,122
BRDA:271,42,0,2
BRDA:271,42,1,373
BRDA:273,43,0,2
BRDA:273,43,1,373
BRDA:285,44,0,4
BRDA:285,44,1,0
BRDA:288,45,0,4
BRDA:288,45,1,0
BRDA:293,46,0,1
BRDA:293,46,1,368
BRDA:296,47,0,3
BRDA:296,47,1,365
BRDA:301,48,0,81
BRDA:301,48,1,57
BRDA:315,49,0,2
BRDA:315,49,1,1
BRDA:319,50,0,19
BRDA:319,50,1,346
BRDA:321,51,0,4
BRDA:321,51,1,18
BRDA:321,52,0,22
BRDA:321,52,1,7
BRDA:322,53,0,7
BRDA:322,53,1,15
BRDA:329,54,0,7
BRDA:329,54,1,152
BRDA:331,55,0,1
BRDA:331,55,1,6
BRDA:333,56,0,1
BRDA:333,56,1,6
BRDA:345,57,0,53
BRDA:345,57,1,23
BRDA:346,58,0,6
BRDA:346,58,1,51
BRDA:346,59,0,57
BRDA:346,59,1,7
BRDA:347,60,0,6
BRDA:347,60,1,4
BRDA:350,61,0,5
BRDA:350,61,1,1
BRDA:355,62,0,3
BRDA:355,62,1,3
BRDA:373,63,0,40
BRDA:373,63,1,13
BRDA:386,64,0,25
BRDA:386,64,1,28
BRDA:391,65,0,2
BRDA:391,65,1,55
BRDA:392,66,0,57
BRDA:392,66,1,23
BRDA:398,67,0,1
BRDA:398,67,1,1
BRDA:413,68,0,0
BRDA:413,68,1,0
BRDA:416,69,0,0
BRDA:416,69,1,0
BRDA:420,70,0,0
BRDA:420,70,1,50
BRDA:422,71,0,2
BRDA:422,71,1,48
BRDA:424,72,0,0
BRDA:424,72,1,2
BRDA:424,73,0,2
BRDA:424,73,1,0
BRDA:425,74,0,0
BRDA:425,74,1,2
BRDA:432,75,0,26
BRDA:432,75,1,27
BRDA:436,76,0,29
BRDA:436,76,1,24
BRDA:438,77,0,4
BRDA:438,77,1,22
BRDA:438,78,0,26
BRDA:438,78,1,4
BRDA:442,79,0,2
BRDA:442,79,1,2
BRDA:444,80,0,1
BRDA:444,80,1,1
BRF:169
BRH:140
end_of_record
TN:
SF:src/pdf/components/BulletList.jsx
FN:5,(anonymous_0)
FN:26,BulletList
FN:30,(anonymous_2)
FNF:3
FNH:3
FNDA:72,(anonymous_0)
FNDA:72,BulletList
FNDA:281,(anonymous_2)
DA:5,6
DA:6,72
DA:27,72
DA:28,72
DA:32,281
DA:33,281
LF:6
LH:6
BRDA:26,0,0,72
BRDA:39,1,0,281
BRDA:39,1,1,209
BRDA:45,2,0,277
BRDA:45,2,1,4
BRDA:49,3,0,4
BRDA:49,3,1,1
BRDA:50,4,0,3
BRDA:50,4,1,1
BRDA:55,5,0,4
BRDA:55,5,1,2
BRF:11
BRH:11
end_of_record
TN:
SF:src/pdf/components/ExpItem.jsx
FN:6,(anonymous_0)
FN:61,ExpItem
FN:100,(anonymous_2)
FNF:3
FNH:3
FNDA:59,(anonymous_0)
FNDA:59,ExpItem
FNDA:17,(anonymous_2)
DA:6,6
DA:7,59
DA:73,59
DA:74,59
DA:76,59
DA:77,1
DA:87,58
DA:101,17
LF:8
LH:8
BRDA:69,0,0,59
BRDA:71,1,0,59
BRDA:74,2,0,59
BRDA:74,2,1,0
BRDA:76,3,0,1
BRDA:76,3,1,58
BRDA:82,4,0,1
BRDA:82,4,1,1
BRDA:94,5,0,58
BRDA:94,5,1,1
BRDA:95,6,0,59
BRDA:95,6,1,39
BRDA:97,7,0,59
BRDA:97,7,1,6
BRDA:110,8,0,59
BRDA:110,8,1,58
BRF:16
BRH:15
end_of_record
TN:
SF:src/pdf/components/SectionTitle.jsx
FN:5,(anonymous_0)
FN:34,SectionTitle
FNF:2
FNH:2
FNDA:115,(anonymous_0)
FNDA:115,SectionTitle
DA:5,6
DA:6,115
DA:35,115
DA:36,115
LF:4
LH:4
BRDA:34,0,0,115
BRDA:36,1,0,71
BRDA:36,1,1,44
BRF:3
BRH:3
end_of_record
TN:
SF:src/pdf/sections/AchievementsSection.jsx
FN:6,(anonymous_0)
FN:25,AchievementsSection
FN:31,(anonymous_2)
FNF:3
FNH:3
FNDA:12,(anonymous_0)
FNDA:12,AchievementsSection
FNDA:36,(anonymous_2)
DA:6,6
DA:7,12
DA:26,12
DA:27,12
DA:28,6
DA:32,36
LF:6
LH:6
BRDA:27,0,0,6
BRDA:27,0,1,6
BRF:2
BRH:2
end_of_record
TN:
SF:src/pdf/sections/CertificationsSection.jsx
FN:6,(anonymous_0)
FN:31,CertificationsSection
FN:37,(anonymous_2)
FNF:3
FNH:3
FNDA:19,(anonymous_0)
FNDA:19,CertificationsSection
FNDA:12,(anonymous_2)
DA:6,6
DA:7,19
DA:32,19
DA:33,19
DA:34,6
DA:38,12
LF:6
LH:6
BRDA:33,0,0,13
BRDA:33,0,1,6
BRDA:40,1,0,12
BRDA:40,1,1,11
BRDA:41,2,0,12
BRDA:41,2,1,11
BRF:6
BRH:6
end_of_record
TN:
SF:src/pdf/sections/CompetenciesSection.jsx
FN:6,(anonymous_0)
FN:28,CompetenciesSection
FN:35,(anonymous_2)
FNF:3
FNH:3
FNDA:19,(anonymous_0)
FNDA:19,CompetenciesSection
FNDA:54,(anonymous_2)
DA:6,6
DA:7,19
DA:29,19
DA:30,19
DA:31,6
DA:36,54
LF:6
LH:6
BRDA:30,0,0,13
BRDA:30,0,1,6
BRF:2
BRH:2
end_of_record
TN:
SF:src/pdf/sections/ContactSection.jsx
FN:33,(anonymous_0)
FN:58,Icon
FN:74,ContactSection
FN:89,(anonymous_3)
FN:90,(anonymous_4)
FN:95,(anonymous_5)
FNF:6
FNH:6
FNDA:12,(anonymous_0)
FNDA:24,Icon
FNDA:12,ContactSection
FNDA:6,(anonymous_3)
FNDA:66,(anonymous_4)
FNDA:24,(anonymous_5)
DA:5,6
DA:33,6
DA:34,12
DA:59,24
DA:60,24
DA:61,24
DA:75,12
DA:76,12
DA:77,12
DA:79,12
DA:89,6
DA:90,66
DA:92,12
DA:96,24
LF:14
LH:14
BRDA:60,0,0,0
BRDA:60,0,1,24
BRDA:84,1,0,6
BRDA:84,1,1,6
BRDA:89,2,0,12
BRDA:89,2,1,7
BRDA:89,3,0,6
BRDA:89,3,1,1
BRDA:98,4,0,23
BRDA:98,4,1,1
BRF:10
BRH:9
end_of_record
TN:
SF:src/pdf/sections/EducationSection.jsx
FN:6,(anonymous_0)
FN:31,EducationSection
FN:37,(anonymous_2)
FNF:3
FNH:3
FNDA:21,(anonymous_0)
FNDA:21,EducationSection
FNDA:32,(anonymous_2)
DA:6,6
DA:7,21
DA:32,21
DA:33,21
DA:34,16
DA:38,32
LF:6
LH:6
BRDA:33,0,0,5
BRDA:33,0,1,16
BRDA:41,1,0,32
BRDA:41,1,1,23
BRF:4
BRH:4
end_of_record
TN:
SF:src/pdf/sections/ExperienceSection.jsx
FN:8,(anonymous_0)
FN:28,ExperienceSection
FN:35,(anonymous_2)
FNF:3
FNH:3
FNDA:32,(anonymous_0)
FNDA:32,ExperienceSection
FNDA:59,(anonymous_2)
DA:8,6
DA:9,32
DA:29,32
DA:30,32
DA:31,32
DA:32,31
DA:36,59
LF:7
LH:7
BRDA:28,0,0,32
BRDA:30,1,0,18
BRDA:30,1,1,14
BRDA:31,2,0,1
BRDA:31,2,1,31
BRDA:38,3,0,59
BRDA:38,3,1,28
BRF:7
BRH:7
end_of_record
TN:
SF:src/pdf/sections/HeaderATS.jsx
FN:5,(anonymous_0)
FN:26,HeaderATS
FN:29,(anonymous_2)
FNF:3
FNH:3
FNDA:2,(anonymous_0)
FNDA:2,HeaderATS
FNDA:3,(anonymous_2)
DA:5,6
DA:6,2
DA:27,2
DA:28,2
DA:29,3
DA:30,2
DA:38,2
LF:7
LH:7
BRDA:29,0,0,2
BRDA:29,0,1,0
BRDA:29,1,0,2
BRDA:29,1,1,1
BRDA:44,2,0,1
BRDA:44,2,1,1
BRDA:48,3,0,2
BRDA:48,3,1,1
BRF:8
BRH:7
end_of_record
TN:
SF:src/pdf/sections/IdentityCompact.jsx
FN:5,(anonymous_0)
FN:44,IdentityCompact
FNF:2
FNH:2
FNDA:15,(anonymous_0)
FNDA:15,IdentityCompact
DA:5,6
DA:6,15
DA:45,15
DA:46,15
DA:47,15
LF:5
LH:5
BRF:0
BRH:0
end_of_record
TN:
SF:src/pdf/sections/IdentityPhoto.jsx
FN:5,(anonymous_0)
FN:53,IdentityPhoto
FNF:2
FNH:2
FNDA:12,(anonymous_0)
FNDA:12,IdentityPhoto
DA:5,6
DA:6,12
DA:54,12
DA:55,12
DA:56,12
LF:5
LH:5
BRDA:64,0,0,12
BRDA:64,0,1,4
BRF:2
BRH:2
end_of_record
TN:
SF:src/pdf/sections/LanguagesSection.jsx
FN:6,(anonymous_0)
FN:25,LanguagesSection
FN:31,(anonymous_2)
FNF:3
FNH:3
FNDA:19,(anonymous_0)
FNDA:19,LanguagesSection
FNDA:17,(anonymous_2)
DA:6,6
DA:7,19
DA:26,19
DA:27,19
DA:28,6
DA:32,17
LF:6
LH:6
BRDA:27,0,0,13
BRDA:27,0,1,6
BRDA:34,1,0,17
BRDA:34,1,1,16
BRF:4
BRH:4
end_of_record
TN:
SF:src/pdf/sections/PublicationsSection.jsx
FN:6,(anonymous_0)
FN:25,PublicationsSection
FN:31,(anonymous_2)
FNF:3
FNH:3
FNDA:19,(anonymous_0)
FNDA:19,PublicationsSection
FNDA:12,(anonymous_2)
DA:6,6
DA:7,19
DA:26,19
DA:27,19
DA:28,6
DA:32,12
DA:33,12
LF:7
LH:7
BRDA:27,0,0,13
BRDA:27,0,1,6
BRDA:36,1,0,12
BRDA:36,1,1,11
BRF:4
BRH:4
end_of_record
TN:
SF:src/pdf/sections/RefereesSection.jsx
FN:6,(anonymous_0)
FN:33,Referee
FN:64,RefereesSection
FN:72,(anonymous_3)
FNF:4
FNH:4
FNDA:13,(anonymous_0)
FNDA:20,Referee
FNDA:13,RefereesSection
FNDA:20,(anonymous_3)
DA:6,6
DA:7,13
DA:34,20
DA:65,13
DA:66,13
DA:67,13
DA:73,20
LF:7
LH:7
BRDA:37,0,0,20
BRDA:37,0,1,17
BRDA:40,1,0,16
BRDA:40,1,1,1
BRDA:44,2,0,20
BRDA:44,2,1,16
BRDA:52,3,0,20
BRDA:52,3,1,16
BRDA:71,4,0,8
BRDA:71,4,1,5
BRDA:75,5,0,20
BRDA:75,5,1,12
BRF:12
BRH:12
end_of_record
TN:
SF:src/pdf/sections/SummarySection.jsx
FN:7,SummarySection
FNF:1
FNH:1
FNDA:14,SummarySection
DA:8,14
DA:9,14
DA:10,13
LF:3
LH:3
BRDA:9,0,0,1
BRDA:9,0,1,13
BRF:2
BRH:2
end_of_record
TN:
SF:src/pdf/sections/registry.js
FN:57,renderSlot
FN:58,(anonymous_1)
FNF:2
FNH:2
FNDA:181,renderSlot
FNDA:221,(anonymous_1)
DA:22,6
DA:58,181
DA:60,221
DA:61,11
DA:62,11
DA:66,210
DA:67,18
DA:75,192
DA:76,14
DA:84,178
DA:85,178
DA:86,1
DA:87,1
DA:89,177
LF:14
LH:14
BRDA:57,0,0,181
BRDA:60,1,0,11
BRDA:60,1,1,210
BRDA:66,2,0,18
BRDA:66,2,1,192
BRDA:69,3,0,18
BRDA:69,3,1,1
BRDA:75,4,0,14
BRDA:75,4,1,178
BRDA:78,5,0,14
BRDA:78,5,1,0
BRDA:85,6,0,1
BRDA:85,6,1,177
BRF:13
BRH:12
end_of_record
TN:
SF:src/pdf/templates/SingleColumnTemplate.jsx
FN:5,(anonymous_0)
FN:17,SingleColumnTemplate
FNF:2
FNH:2
FNDA:2,(anonymous_0)
FNDA:2,SingleColumnTemplate
DA:5,6
DA:6,2
DA:18,2
DA:19,2
LF:4
LH:4
BRF:0
BRH:0
end_of_record
TN:
SF:src/pdf/templates/TwoColumnTemplate.jsx
FN:5,(anonymous_0)
FN:69,TwoColumnTemplate
FNF:2
FNH:2
FNDA:29,(anonymous_0)
FNDA:29,TwoColumnTemplate
DA:5,6
DA:6,29
DA:7,29
DA:8,29
DA:10,29
DA:76,29
DA:77,29
LF:7
LH:7
BRDA:74,0,0,29
BRDA:82,1,0,12
BRDA:82,1,1,17
BRDA:83,2,0,12
BRDA:83,2,1,17
BRF:5
BRH:5
end_of_record
TN:
SF:src/pdf/themes/coral.js
FNF:0
FNH:0
DA:7,10
LF:1
LH:1
BRF:0
BRH:0
end_of_record
TN:
SF:src/pdf/themes/index.js
FN:35,discoverThemes
FN:39,(anonymous_1)
FN:52,(anonymous_2)
FNF:3
FNH:3
FNDA:22,discoverThemes
FNDA:25,(anonymous_1)
FNDA:1,(anonymous_2)
DA:12,10
DA:21,10
DA:33,10
DA:36,22
DA:38,7
DA:39,25
DA:41,7
DA:43,7
DA:44,19
DA:45,19
DA:47,1
DA:50,1
DA:52,1
DA:53,1
DA:54,1
DA:61,6
DA:62,6
DA:65,1
DA:66,1
DA:71,10
LF:20
LH:20
BRDA:36,0,0,15
BRDA:36,0,1,7
BRDA:39,1,0,25
BRDA:39,1,1,25
BRDA:45,2,0,18
BRDA:45,2,1,1
BRDA:52,3,0,1
BRDA:52,3,1,1
BRDA:52,3,2,1
BRDA:53,4,0,1
BRDA:53,4,1,0
BRF:11
BRH:10
end_of_record
TN:
SF:src/pdf/themes/mono.js
FNF:0
FNH:0
DA:7,12
LF:1
LH:1
BRF:0
BRH:0
end_of_record
TN:
SF:src/pdf/themes/teal.js
FNF:0
FNH:0
DA:6,17
LF:1
LH:1
BRF:0
BRH:0
end_of_record
